Arguments: 
  /usr/local/bin/node /usr/local/bin/yarn publish --access public

PATH: 
  /var/folders/c9/mbk_yy_51xzfhcgzkg4h7v5m0000gn/T/yarn--1665188469002-0.5601683849284718:/Users/hra/Workspace/Parity/Git/wallet-sdk/node_modules/.bin:/Users/hra/.config/yarn/link/node_modules/.bin:/Users/hra/Workspace/Parity/Git/wallet-sdk/node_modules/.bin:/usr/local/libexec/lib/node_modules/npm/bin/node-gyp-bin:/usr/local/lib/node_modules/npm/bin/node-gyp-bin:/usr/local/bin/node_modules/npm/bin/node-gyp-bin:/var/folders/c9/mbk_yy_51xzfhcgzkg4h7v5m0000gn/T/yarn--1665188468546-0.3696147115428623:/Users/hra/Workspace/Parity/Git/wallet-sdk/node_modules/.bin:/Users/hra/.config/yarn/link/node_modules/.bin:/Users/hra/Workspace/Parity/Git/wallet-sdk/node_modules/.bin:/usr/local/libexec/lib/node_modules/npm/bin/node-gyp-bin:/usr/local/lib/node_modules/npm/bin/node-gyp-bin:/usr/local/bin/node_modules/npm/bin/node-gyp-bin:/opt/local/bin:/opt/local/sbin:/usr/local/bin:/usr/bin:/bin:/usr/sbin:/sbin:/Library/Apple/usr/bin:/opt/local/bin:/opt/local/sbin:/Users/hra/.cargo/bin

Yarn version: 
  1.22.17

Node version: 
  16.13.2

Platform: 
  darwin x64

Trace: 
  Error: canceled
      at Interface.<anonymous> (/usr/local/lib/node_modules/yarn/lib/cli.js:137143:13)
      at Interface.emit (node:events:390:28)
      at Interface._ttyWrite (node:readline:1081:16)
      at ReadStream.onkeypress (node:readline:288:10)
      at ReadStream.emit (node:events:390:28)
      at emitKeys (node:internal/readline/utils:358:14)
      at emitKeys.next (<anonymous>)
      at ReadStream.onData (node:internal/readline/emitKeypressEvents:61:36)
      at ReadStream.emit (node:events:390:28)
      at addChunk (node:internal/streams/readable:315:12)

npm manifest: 
  {
    "name": "@polkadot-onboard/core",
    "version": "0.0.2-beta",
    "author": "Parity Team <admin@parity.io>",
    "maintainers": [
      "hamidra <hamid.alipour@gmail.com>",
      "saltycucumber"
    ],
    "repository": {
      "directory": "packages/core",
      "type": "git",
      "url": "https://github.com/paritytech/polkadot-wallet-onboard.git"
    },
    "bugs": "https://github.com/paritytech/polkadot-wallet-onboard.git/issues",
    "homepage": "https://github.com/paritytech/polkadot-wallet-onboard.git#readme",
    "license": "Apache-2.0",
    "main": "dist/index.js",
    "types": "dist/types/index.d.ts",
    "scripts": {
      "build": "rm -rf ./dist/ && npm run format && tsc --build",
      "build:watch": "tsc --watch",
      "format": "prettier --write \"./src/**/*.{ts,tsx}\""
    },
    "dependencies": {
      "@polkadot/api": "^9.1.1"
    },
    "devDependencies": {
      "prettier": "^2.7.1",
      "typescript": "^4.8.4"
    }
  }

yarn manifest: 
  No manifest

Lockfile: 
  # THIS IS AN AUTOGENERATED FILE. DO NOT EDIT THIS FILE DIRECTLY.
  # yarn lockfile v1
  
  
  "@babel/runtime@^7.18.9", "@babel/runtime@^7.19.0":
    version "7.19.0"
    resolved "https://registry.yarnpkg.com/@babel/runtime/-/runtime-7.19.0.tgz#22b11c037b094d27a8a2504ea4dcff00f50e2259"
    integrity sha512-eR8Lo9hnDS7tqkO7NsV+mKvCmv5boaXFSZ70DnfhcgiEne8hv9oCEd36Klw74EtizEqLsy4YnW8UWwpBVolHZA==
    dependencies:
      regenerator-runtime "^0.13.4"
  
  "@hapi/bourne@^2.0.0":
    version "2.1.0"
    resolved "https://registry.yarnpkg.com/@hapi/bourne/-/bourne-2.1.0.tgz#66aff77094dc3080bd5df44ec63881f2676eb020"
    integrity sha512-i1BpaNDVLJdRBEKeJWkVO6tYX6DMFBuwMhSuWqLsY4ufeTKGVuV5rBsUhxPayXqnnWHgXUAmWK16H/ykO5Wj4Q==
  
  "@noble/hashes@1.1.2":
    version "1.1.2"
    resolved "https://registry.yarnpkg.com/@noble/hashes/-/hashes-1.1.2.tgz#e9e035b9b166ca0af657a7848eb2718f0f22f183"
    integrity sha512-KYRCASVTv6aeUi1tsF8/vpyR7zpfs3FUzy2Jqm+MU+LmUKhQ0y2FpfwqkCcxSg2ua4GALJd8k2R76WxwZGbQpA==
  
  "@noble/secp256k1@1.7.0":
    version "1.7.0"
    resolved "https://registry.yarnpkg.com/@noble/secp256k1/-/secp256k1-1.7.0.tgz#d15357f7c227e751d90aa06b05a0e5cf993ba8c1"
    integrity sha512-kbacwGSsH/CTout0ZnZWxnW1B+jH/7r/WAAKLBtrRJ/+CUH7lgmQzl3GTrQua3SGKWNSDsS6lmjnDpIJ5Dxyaw==
  
  "@polkadot/api-augment@9.4.3":
    version "9.4.3"
    resolved "https://registry.yarnpkg.com/@polkadot/api-augment/-/api-augment-9.4.3.tgz#8d325e3686ea6bad92f0089af062649d33313afd"
    integrity sha512-w1iAdfpHprQiPkk9s98vRFqf9AJ70GoheGAEqO6p7JKYoutPlA8Pg8NiacwiCWW464zdbRn/T2/fWGtn8Iv27A==
    dependencies:
      "@babel/runtime" "^7.19.0"
      "@polkadot/api-base" "9.4.3"
      "@polkadot/rpc-augment" "9.4.3"
      "@polkadot/types" "9.4.3"
      "@polkadot/types-augment" "9.4.3"
      "@polkadot/types-codec" "9.4.3"
      "@polkadot/util" "^10.1.9"
  
  "@polkadot/api-base@9.4.3":
    version "9.4.3"
    resolved "https://registry.yarnpkg.com/@polkadot/api-base/-/api-base-9.4.3.tgz#3569be5099a3dfd9e2fa92478e2cf5dbf5738062"
    integrity sha512-gYzf7LIcKo/rEGlXgoMOS619srcTmyD7wwZ9b0xh/Xg0vHPyUi8OVs3i4SRQrXS8KSVuZzBCrqALPytXmV0xdg==
    dependencies:
      "@babel/runtime" "^7.19.0"
      "@polkadot/rpc-core" "9.4.3"
      "@polkadot/types" "9.4.3"
      "@polkadot/util" "^10.1.9"
      rxjs "^7.5.7"
  
  "@polkadot/api-derive@9.4.3":
    version "9.4.3"
    resolved "https://registry.yarnpkg.com/@polkadot/api-derive/-/api-derive-9.4.3.tgz#abff31ce81a45ae05a5a54c1430ec7b88e49cbc6"
    integrity sha512-6lKjJs93ucSF/mmljG32TcWq4gg35MimbuXxDYwNYXwuGm6ocN0auWp6Opg+DGLuwapfHhkOyZxSBVWi37gjEQ==
    dependencies:
      "@babel/runtime" "^7.19.0"
      "@polkadot/api" "9.4.3"
      "@polkadot/api-augment" "9.4.3"
      "@polkadot/api-base" "9.4.3"
      "@polkadot/rpc-core" "9.4.3"
      "@polkadot/types" "9.4.3"
      "@polkadot/types-codec" "9.4.3"
      "@polkadot/util" "^10.1.9"
      "@polkadot/util-crypto" "^10.1.9"
      rxjs "^7.5.7"
  
  "@polkadot/api@9.4.3", "@polkadot/api@^9.1.1":
    version "9.4.3"
    resolved "https://registry.yarnpkg.com/@polkadot/api/-/api-9.4.3.tgz#ce0e6f91c1871aaa76267f10244b1194d31364f9"
    integrity sha512-vbeWW2tyntAmWllUqnOwlaprFT+5o8a0uP0Qkz5QfLslUFZtxhHhLWtQWVtJnoqC5FN10ZybDkUGFlsxNsvwgg==
    dependencies:
      "@babel/runtime" "^7.19.0"
      "@polkadot/api-augment" "9.4.3"
      "@polkadot/api-base" "9.4.3"
      "@polkadot/api-derive" "9.4.3"
      "@polkadot/keyring" "^10.1.9"
      "@polkadot/rpc-augment" "9.4.3"
      "@polkadot/rpc-core" "9.4.3"
      "@polkadot/rpc-provider" "9.4.3"
      "@polkadot/types" "9.4.3"
      "@polkadot/types-augment" "9.4.3"
      "@polkadot/types-codec" "9.4.3"
      "@polkadot/types-create" "9.4.3"
      "@polkadot/types-known" "9.4.3"
      "@polkadot/util" "^10.1.9"
      "@polkadot/util-crypto" "^10.1.9"
      eventemitter3 "^4.0.7"
      rxjs "^7.5.7"
  
  "@polkadot/extension-inject@^0.44.4":
    version "0.44.6"
    resolved "https://registry.yarnpkg.com/@polkadot/extension-inject/-/extension-inject-0.44.6.tgz#7a9eace02af85f3a4097ed7c893467d4a401ef3d"
    integrity sha512-IX9KS0lFsCxRbctEy14ecDYCaJHXGyJ1oJC8OMhrkI3aKYgkTAAcZhMKkGWPpra9ld8G9oma6MLnO6A8Xl1ARQ==
    dependencies:
      "@babel/runtime" "^7.18.9"
      "@polkadot/rpc-provider" "^9.2.3"
      "@polkadot/types" "^9.2.3"
      "@polkadot/util" "^10.1.5"
      "@polkadot/util-crypto" "^10.1.5"
      "@polkadot/x-global" "^10.1.5"
  
  "@polkadot/keyring@^10.1.9":
    version "10.1.9"
    resolved "https://registry.yarnpkg.com/@polkadot/keyring/-/keyring-10.1.9.tgz#56c4e31e8cdb9ebcdf992c19603ee53a4c90451c"
    integrity sha512-oUYhvfOCzyMA+SJ+O5BasQYYalmMkVBRHADASFNAxVBMbOl1DKNQx3tgpUZlbA95UzRPjKbV0RplhAIzb5CzVQ==
    dependencies:
      "@babel/runtime" "^7.19.0"
      "@polkadot/util" "10.1.9"
      "@polkadot/util-crypto" "10.1.9"
  
  "@polkadot/networks@10.1.9", "@polkadot/networks@^10.1.9":
    version "10.1.9"
    resolved "https://registry.yarnpkg.com/@polkadot/networks/-/networks-10.1.9.tgz#37e789dd13c683b3e8cdc16edff4983d5f94e28f"
    integrity sha512-38bYoXYszJMTRSvhJOkfKXlIyTiFjJ1ZG7cyMYBOi1YtO9USd4lH0gknVfqXa1dyPyNvsOwI5RCKGFjbx2BEAw==
    dependencies:
      "@babel/runtime" "^7.19.0"
      "@polkadot/util" "10.1.9"
      "@substrate/ss58-registry" "^1.29.1"
  
  "@polkadot/rpc-augment@9.4.3":
    version "9.4.3"
    resolved "https://registry.yarnpkg.com/@polkadot/rpc-augment/-/rpc-augment-9.4.3.tgz#7dd1767bdbabe74539e561441d11b3bef5bed829"
    integrity sha512-j4oFAPfP+AyQVb1rl8Jbj5k0UqfZyHUy0+CLHtu/Q0S9Wk0R1SDPACpI+93H0DjwYAFfsxbRMhloAH1IJWD5uA==
    dependencies:
      "@babel/runtime" "^7.19.0"
      "@polkadot/rpc-core" "9.4.3"
      "@polkadot/types" "9.4.3"
      "@polkadot/types-codec" "9.4.3"
      "@polkadot/util" "^10.1.9"
  
  "@polkadot/rpc-core@9.4.3":
    version "9.4.3"
    resolved "https://registry.yarnpkg.com/@polkadot/rpc-core/-/rpc-core-9.4.3.tgz#9e35d312c8ba56a12c526e90dc2307720db43d67"
    integrity sha512-xTU33bNnqdLaaCFdGnoxY03rmmgUKH/2JoEa+fBRvt9RPc7KuanWSKSeHieekZXSgCXBJ3zbfStyo43klg74OQ==
    dependencies:
      "@babel/runtime" "^7.19.0"
      "@polkadot/rpc-augment" "9.4.3"
      "@polkadot/rpc-provider" "9.4.3"
      "@polkadot/types" "9.4.3"
      "@polkadot/util" "^10.1.9"
      rxjs "^7.5.7"
  
  "@polkadot/rpc-provider@9.4.3", "@polkadot/rpc-provider@^9.2.3":
    version "9.4.3"
    resolved "https://registry.yarnpkg.com/@polkadot/rpc-provider/-/rpc-provider-9.4.3.tgz#ecd114f2a9146706bf48ed0e32012eb5eed89e5d"
    integrity sha512-8HCkwlDnH6Y6WNT0Yg8e6YM5Wk+GacnO906nhtHByR2MRL8ugvLRb0x97PSPrR+NYs+ecYUURFkRy0fujuFcHQ==
    dependencies:
      "@babel/runtime" "^7.19.0"
      "@polkadot/keyring" "^10.1.9"
      "@polkadot/types" "9.4.3"
      "@polkadot/types-support" "9.4.3"
      "@polkadot/util" "^10.1.9"
      "@polkadot/util-crypto" "^10.1.9"
      "@polkadot/x-fetch" "^10.1.9"
      "@polkadot/x-global" "^10.1.9"
      "@polkadot/x-ws" "^10.1.9"
      "@substrate/connect" "0.7.14"
      eventemitter3 "^4.0.7"
      mock-socket "^9.1.5"
      nock "^13.2.9"
  
  "@polkadot/types-augment@9.4.3":
    version "9.4.3"
    resolved "https://registry.yarnpkg.com/@polkadot/types-augment/-/types-augment-9.4.3.tgz#b703064e5f5d25be007791c95fd7b5084a43d810"
    integrity sha512-TvN3vhUVylFyWGHHXOO4/iHIFW6EXHLBlIBC7YhUQc0dZOD+mKjnNblEtDY/GazlwBQjq9bhXcoH0S6KIpiSIg==
    dependencies:
      "@babel/runtime" "^7.19.0"
      "@polkadot/types" "9.4.3"
      "@polkadot/types-codec" "9.4.3"
      "@polkadot/util" "^10.1.9"
  
  "@polkadot/types-codec@9.4.3":
    version "9.4.3"
    resolved "https://registry.yarnpkg.com/@polkadot/types-codec/-/types-codec-9.4.3.tgz#86476832f03141b5cb8f31298b06cc4f3f369f2d"
    integrity sha512-x0BJZxcPyollDx9urF7rAfDdKHZXe150p9op2if8fw02LNTDGGsrWLw7DD8ISNwXbtL8L+N1ipc0mVqfsHg+Aw==
    dependencies:
      "@babel/runtime" "^7.19.0"
      "@polkadot/util" "^10.1.9"
      "@polkadot/x-bigint" "^10.1.9"
  
  "@polkadot/types-create@9.4.3":
    version "9.4.3"
    resolved "https://registry.yarnpkg.com/@polkadot/types-create/-/types-create-9.4.3.tgz#adaf4ff8429dea496493b7d2da610b65468642b5"
    integrity sha512-kx5Yccp/I4RrtbOo3+iFJSVDwbl0Y9Xm0B4p7khYkKUHAbNuuFZMMnnMru2hOTWDgpQPN6Fbixt9pdy4TD6Xnw==
    dependencies:
      "@babel/runtime" "^7.19.0"
      "@polkadot/types-codec" "9.4.3"
      "@polkadot/util" "^10.1.9"
  
  "@polkadot/types-known@9.4.3":
    version "9.4.3"
    resolved "https://registry.yarnpkg.com/@polkadot/types-known/-/types-known-9.4.3.tgz#7bc1b65c16b8b028d02712d953658e0dd53cef08"
    integrity sha512-JoIC31If1tLhz4ykNCcJCJGEuufJo7c880vCDLzdYn/OCxxHvdrUeNAFZu0ua/QNHNpT7Pl24NGUrE2QfmZbRg==
    dependencies:
      "@babel/runtime" "^7.19.0"
      "@polkadot/networks" "^10.1.9"
      "@polkadot/types" "9.4.3"
      "@polkadot/types-codec" "9.4.3"
      "@polkadot/types-create" "9.4.3"
      "@polkadot/util" "^10.1.9"
  
  "@polkadot/types-support@9.4.3":
    version "9.4.3"
    resolved "https://registry.yarnpkg.com/@polkadot/types-support/-/types-support-9.4.3.tgz#1f6a6b06d24ef170be60191e81bf0be0c64f2bb1"
    integrity sha512-PCIHVj40A5qgUQJHOM4BpeVwXPVNo0PNeVVWMPPLdnUMr3hX8dqCjZnWAUizgTICJ5EutCLL5wKP6/JBZmmWsA==
    dependencies:
      "@babel/runtime" "^7.19.0"
      "@polkadot/util" "^10.1.9"
  
  "@polkadot/types@9.4.3", "@polkadot/types@^9.2.3", "@polkadot/types@^9.2.4":
    version "9.4.3"
    resolved "https://registry.yarnpkg.com/@polkadot/types/-/types-9.4.3.tgz#eaa00deecf080fc527ffcb928c14122e5a9cf2bc"
    integrity sha512-SXHih0+TajRAZAl+uuFPpy/TxySX8oYvYg67FwRclqNsHc1Qwj5JFs0HJtuf60UkvPGqbQpNek5ND6O1VBHHQA==
    dependencies:
      "@babel/runtime" "^7.19.0"
      "@polkadot/keyring" "^10.1.9"
      "@polkadot/types-augment" "9.4.3"
      "@polkadot/types-codec" "9.4.3"
      "@polkadot/types-create" "9.4.3"
      "@polkadot/util" "^10.1.9"
      "@polkadot/util-crypto" "^10.1.9"
      rxjs "^7.5.7"
  
  "@polkadot/util-crypto@10.1.9", "@polkadot/util-crypto@^10.1.5", "@polkadot/util-crypto@^10.1.9":
    version "10.1.9"
    resolved "https://registry.yarnpkg.com/@polkadot/util-crypto/-/util-crypto-10.1.9.tgz#807ffd4c8bb20ffe6eb446a74a3a8725c845acf1"
    integrity sha512-wmrT5M8dOaSklnKwk7Wg6TjJzLYm5YCVJW97ziz5ulfN7LFbOwtPQ3fpk6uzBmnrRNXpI5hjYzzTKEyHrZZqhA==
    dependencies:
      "@babel/runtime" "^7.19.0"
      "@noble/hashes" "1.1.2"
      "@noble/secp256k1" "1.7.0"
      "@polkadot/networks" "10.1.9"
      "@polkadot/util" "10.1.9"
      "@polkadot/wasm-crypto" "^6.3.1"
      "@polkadot/x-bigint" "10.1.9"
      "@polkadot/x-randomvalues" "10.1.9"
      "@scure/base" "1.1.1"
      ed2curve "^0.3.0"
      tweetnacl "^1.0.3"
  
  "@polkadot/util@10.1.9", "@polkadot/util@^10.1.5", "@polkadot/util@^10.1.9":
    version "10.1.9"
    resolved "https://registry.yarnpkg.com/@polkadot/util/-/util-10.1.9.tgz#0280a830881ccb4c7c428ef8b5669db87c16d71b"
    integrity sha512-nbXE7dqfsP38uHwMXBoL5s2x+5PXsGZIfWa0bjCdy6RwF6btqFTo7ryi0kzkco/kil0EZ3QaB+EJxVVaAwX2bA==
    dependencies:
      "@babel/runtime" "^7.19.0"
      "@polkadot/x-bigint" "10.1.9"
      "@polkadot/x-global" "10.1.9"
      "@polkadot/x-textdecoder" "10.1.9"
      "@polkadot/x-textencoder" "10.1.9"
      "@types/bn.js" "^5.1.1"
      bn.js "^5.2.1"
  
  "@polkadot/wasm-bridge@6.3.1":
    version "6.3.1"
    resolved "https://registry.yarnpkg.com/@polkadot/wasm-bridge/-/wasm-bridge-6.3.1.tgz#439fa78e80947a7cb695443e1f64b25c30bb1487"
    integrity sha512-1TYkHsb9AEFhU9uZj3biEnN2yKQNzdrwSjiTvfCYnt97pnEkKsZI6cku+YPZQv5w/x9CQa5Yua9e2DVVZSivGA==
    dependencies:
      "@babel/runtime" "^7.18.9"
  
  "@polkadot/wasm-crypto-asmjs@6.3.1":
    version "6.3.1"
    resolved "https://registry.yarnpkg.com/@polkadot/wasm-crypto-asmjs/-/wasm-crypto-asmjs-6.3.1.tgz#e8f469c9cf4a7709c8131a96f857291953f3e30a"
    integrity sha512-zbombRfA5v/mUWQQhgg2YwaxhRmxRIrvskw65x+lruax3b6xPBFDs7yplopiJU3r8h2pTgQvX/DUksvqz2TCRQ==
    dependencies:
      "@babel/runtime" "^7.18.9"
  
  "@polkadot/wasm-crypto-init@6.3.1":
    version "6.3.1"
    resolved "https://registry.yarnpkg.com/@polkadot/wasm-crypto-init/-/wasm-crypto-init-6.3.1.tgz#b590220c53c94b9a54d5dc236d0cbe943db76706"
    integrity sha512-9yaUBcu+snwjJLmPPGl3cyGRQ1afyFGm16qzTM0sgG/ZCfUlK4uk8KWZe+sBUKgoxb2oXY7Y4WklKgQI1YBdfw==
    dependencies:
      "@babel/runtime" "^7.18.9"
      "@polkadot/wasm-bridge" "6.3.1"
      "@polkadot/wasm-crypto-asmjs" "6.3.1"
      "@polkadot/wasm-crypto-wasm" "6.3.1"
  
  "@polkadot/wasm-crypto-wasm@6.3.1":
    version "6.3.1"
    resolved "https://registry.yarnpkg.com/@polkadot/wasm-crypto-wasm/-/wasm-crypto-wasm-6.3.1.tgz#67f720e7f9694fef096abe9d60abbac02e032383"
    integrity sha512-idSlzKGVzCfeCMRHsacRvqwojSaTadFxL/Dbls4z1thvfa3U9Ku0d2qVtlwg7Hj+tYWDiuP8Kygs+6bQwfs0XA==
    dependencies:
      "@babel/runtime" "^7.18.9"
      "@polkadot/wasm-util" "6.3.1"
  
  "@polkadot/wasm-crypto@^6.3.1":
    version "6.3.1"
    resolved "https://registry.yarnpkg.com/@polkadot/wasm-crypto/-/wasm-crypto-6.3.1.tgz#63f5798aca2b2ff0696f190e6862d9781d8f280c"
    integrity sha512-OO8h0qeVkqp4xYZaRVl4iuWOEtq282pNBHDKb6SOJuI2g59eWGcKh4EQU9Me2VP6qzojIqptrkrVt7KQXC68gA==
    dependencies:
      "@babel/runtime" "^7.18.9"
      "@polkadot/wasm-bridge" "6.3.1"
      "@polkadot/wasm-crypto-asmjs" "6.3.1"
      "@polkadot/wasm-crypto-init" "6.3.1"
      "@polkadot/wasm-crypto-wasm" "6.3.1"
      "@polkadot/wasm-util" "6.3.1"
  
  "@polkadot/wasm-util@6.3.1":
    version "6.3.1"
    resolved "https://registry.yarnpkg.com/@polkadot/wasm-util/-/wasm-util-6.3.1.tgz#439ebb68a436317af388ed6438b8f879df3afcda"
    integrity sha512-12oAv5J7Yoc9m6jixrSaQCxpOkWOyzHx3DMC8qmLjRiwdBWxqLmImOVRVnFsbaxqSbhBIHRuJphVxWE+GZETDg==
    dependencies:
      "@babel/runtime" "^7.18.9"
  
  "@polkadot/x-bigint@10.1.9", "@polkadot/x-bigint@^10.1.9":
    version "10.1.9"
    resolved "https://registry.yarnpkg.com/@polkadot/x-bigint/-/x-bigint-10.1.9.tgz#d8b450df90f3cb0e2b1f2583d35a184cc3d6ad50"
    integrity sha512-1iA30V8+FdVK0I1kRSShTV/XgjBtC5Gl2EQl2Z9rrkK27mtjgIr14hD4nFfM176UgKvERinfDXzzRFU/p5w/Mg==
    dependencies:
      "@babel/runtime" "^7.19.0"
      "@polkadot/x-global" "10.1.9"
  
  "@polkadot/x-fetch@^10.1.9":
    version "10.1.9"
    resolved "https://registry.yarnpkg.com/@polkadot/x-fetch/-/x-fetch-10.1.9.tgz#fdeae17785679016d0a057ea7cdb9a4f981d8dab"
    integrity sha512-ME74MOakXz+SStzUq3tLF7Pds4GSQ/R7WA1I84F35Hn2mTkNjQ2vh37Iusk844K3ZwnwSf/f5bF+CXAEhlTlFQ==
    dependencies:
      "@babel/runtime" "^7.19.0"
      "@polkadot/x-global" "10.1.9"
      "@types/node-fetch" "^2.6.2"
      node-fetch "^3.2.10"
  
  "@polkadot/x-global@10.1.9", "@polkadot/x-global@^10.1.5", "@polkadot/x-global@^10.1.9":
    version "10.1.9"
    resolved "https://registry.yarnpkg.com/@polkadot/x-global/-/x-global-10.1.9.tgz#a2a380ed7816cfc553ca9b73dc401c36fbafaaef"
    integrity sha512-arsQEUbUccEI8pt0Bngk66vpJlMC/sZ38xivwrR8MVi2u8FdWFwb7udvwGRbXujHmPgGfRqxQujheKSR3d2ToA==
    dependencies:
      "@babel/runtime" "^7.19.0"
  
  "@polkadot/x-randomvalues@10.1.9":
    version "10.1.9"
    resolved "https://registry.yarnpkg.com/@polkadot/x-randomvalues/-/x-randomvalues-10.1.9.tgz#a2c769b6090d768590bed5d32d8c1b4415e695c9"
    integrity sha512-owSk4vVuy18kZI+L8pLV8Zt8Blsv0BM7j0VcNu4q6gdsduU4a5entGr3t2a3P4dj3hU65B4KgbSy516y//jMng==
    dependencies:
      "@babel/runtime" "^7.19.0"
      "@polkadot/x-global" "10.1.9"
  
  "@polkadot/x-textdecoder@10.1.9":
    version "10.1.9"
    resolved "https://registry.yarnpkg.com/@polkadot/x-textdecoder/-/x-textdecoder-10.1.9.tgz#25cf4947626a96373b18a29a37f8761cc1de3b04"
    integrity sha512-RSe1qgbaJ6+dnmKR+yIYt9uKfZreJQns1sSQBJra49xBk2ImQmon7wwu19TjycR6kCEdI2WGRdZaa8kkrgIsYQ==
    dependencies:
      "@babel/runtime" "^7.19.0"
      "@polkadot/x-global" "10.1.9"
  
  "@polkadot/x-textencoder@10.1.9":
    version "10.1.9"
    resolved "https://registry.yarnpkg.com/@polkadot/x-textencoder/-/x-textencoder-10.1.9.tgz#81f169b783e72185c5f907afc2b918b1c80d2b21"
    integrity sha512-IXW4+G2r6wTpcxCGi2PeGd1aQRv0+FsgD9L7FDVjCejdgk6W87knIAaFTTYEmIF/x1clUqhw3c5Gxb0lUOchUw==
    dependencies:
      "@babel/runtime" "^7.19.0"
      "@polkadot/x-global" "10.1.9"
  
  "@polkadot/x-ws@^10.1.9":
    version "10.1.9"
    resolved "https://registry.yarnpkg.com/@polkadot/x-ws/-/x-ws-10.1.9.tgz#a79a0bd8cbed6b9d5e0a28474d04a969d18492e4"
    integrity sha512-8LjCOfTj496vp2uwolIWUAmEJEd2fcSyuXeoW/Np2lA2ac9VUNg1Elwq9jaC1ajsxH7ywWuywsndewvVlDvHUg==
    dependencies:
      "@babel/runtime" "^7.19.0"
      "@polkadot/x-global" "10.1.9"
      "@types/websocket" "^1.0.5"
      websocket "^1.0.34"
  
  "@scure/base@1.1.1":
    version "1.1.1"
    resolved "https://registry.yarnpkg.com/@scure/base/-/base-1.1.1.tgz#ebb651ee52ff84f420097055f4bf46cfba403938"
    integrity sha512-ZxOhsSyxYwLJj3pLZCefNitxsj093tb2vq90mp2txoYeBqbcjDjqFhyM8eUjq/uFm6zJ+mUuqxlS2FkuSY1MTA==
  
  "@stablelib/aead@^1.0.1":
    version "1.0.1"
    resolved "https://registry.yarnpkg.com/@stablelib/aead/-/aead-1.0.1.tgz#c4b1106df9c23d1b867eb9b276d8f42d5fc4c0c3"
    integrity sha512-q39ik6sxGHewqtO0nP4BuSe3db5G1fEJE8ukvngS2gLkBXyy6E7pLubhbYgnkDFv6V8cWaxcE4Xn0t6LWcJkyg==
  
  "@stablelib/binary@^1.0.1":
    version "1.0.1"
    resolved "https://registry.yarnpkg.com/@stablelib/binary/-/binary-1.0.1.tgz#c5900b94368baf00f811da5bdb1610963dfddf7f"
    integrity sha512-ClJWvmL6UBM/wjkvv/7m5VP3GMr9t0osr4yVgLZsLCOz4hGN9gIAFEqnJ0TsSMAN+n840nf2cHZnA5/KFqHC7Q==
    dependencies:
      "@stablelib/int" "^1.0.1"
  
  "@stablelib/bytes@^1.0.1":
    version "1.0.1"
    resolved "https://registry.yarnpkg.com/@stablelib/bytes/-/bytes-1.0.1.tgz#0f4aa7b03df3080b878c7dea927d01f42d6a20d8"
    integrity sha512-Kre4Y4kdwuqL8BR2E9hV/R5sOrUj6NanZaZis0V6lX5yzqC3hBuVSDXUIBqQv/sCpmuWRiHLwqiT1pqqjuBXoQ==
  
  "@stablelib/chacha20poly1305@1.0.1":
    version "1.0.1"
    resolved "https://registry.yarnpkg.com/@stablelib/chacha20poly1305/-/chacha20poly1305-1.0.1.tgz#de6b18e283a9cb9b7530d8767f99cde1fec4c2ee"
    integrity sha512-MmViqnqHd1ymwjOQfghRKw2R/jMIGT3wySN7cthjXCBdO+qErNPUBnRzqNpnvIwg7JBCg3LdeCZZO4de/yEhVA==
    dependencies:
      "@stablelib/aead" "^1.0.1"
      "@stablelib/binary" "^1.0.1"
      "@stablelib/chacha" "^1.0.1"
      "@stablelib/constant-time" "^1.0.1"
      "@stablelib/poly1305" "^1.0.1"
      "@stablelib/wipe" "^1.0.1"
  
  "@stablelib/chacha@^1.0.1":
    version "1.0.1"
    resolved "https://registry.yarnpkg.com/@stablelib/chacha/-/chacha-1.0.1.tgz#deccfac95083e30600c3f92803a3a1a4fa761371"
    integrity sha512-Pmlrswzr0pBzDofdFuVe1q7KdsHKhhU24e8gkEwnTGOmlC7PADzLVxGdn2PoNVBBabdg0l/IfLKg6sHAbTQugg==
    dependencies:
      "@stablelib/binary" "^1.0.1"
      "@stablelib/wipe" "^1.0.1"
  
  "@stablelib/constant-time@^1.0.1":
    version "1.0.1"
    resolved "https://registry.yarnpkg.com/@stablelib/constant-time/-/constant-time-1.0.1.tgz#bde361465e1cf7b9753061b77e376b0ca4c77e35"
    integrity sha512-tNOs3uD0vSJcK6z1fvef4Y+buN7DXhzHDPqRLSXUel1UfqMB1PWNsnnAezrKfEwTLpN0cGH2p9NNjs6IqeD0eg==
  
  "@stablelib/ed25519@^1.0.2":
    version "1.0.3"
    resolved "https://registry.yarnpkg.com/@stablelib/ed25519/-/ed25519-1.0.3.tgz#f8fdeb6f77114897c887bb6a3138d659d3f35996"
    integrity sha512-puIMWaX9QlRsbhxfDc5i+mNPMY+0TmQEskunY1rZEBPi1acBCVQAhnsk/1Hk50DGPtVsZtAWQg4NHGlVaO9Hqg==
    dependencies:
      "@stablelib/random" "^1.0.2"
      "@stablelib/sha512" "^1.0.1"
      "@stablelib/wipe" "^1.0.1"
  
  "@stablelib/hash@^1.0.1":
    version "1.0.1"
    resolved "https://registry.yarnpkg.com/@stablelib/hash/-/hash-1.0.1.tgz#3c944403ff2239fad8ebb9015e33e98444058bc5"
    integrity sha512-eTPJc/stDkdtOcrNMZ6mcMK1e6yBbqRBaNW55XA1jU8w/7QdnCF0CmMmOD1m7VSkBR44PWrMHU2l6r8YEQHMgg==
  
  "@stablelib/hkdf@1.0.1":
    version "1.0.1"
    resolved "https://registry.yarnpkg.com/@stablelib/hkdf/-/hkdf-1.0.1.tgz#b4efd47fd56fb43c6a13e8775a54b354f028d98d"
    integrity sha512-SBEHYE16ZXlHuaW5RcGk533YlBj4grMeg5TooN80W3NpcHRtLZLLXvKyX0qcRFxf+BGDobJLnwkvgEwHIDBR6g==
    dependencies:
      "@stablelib/hash" "^1.0.1"
      "@stablelib/hmac" "^1.0.1"
      "@stablelib/wipe" "^1.0.1"
  
  "@stablelib/hmac@^1.0.1":
    version "1.0.1"
    resolved "https://registry.yarnpkg.com/@stablelib/hmac/-/hmac-1.0.1.tgz#3d4c1b8cf194cb05d28155f0eed8a299620a07ec"
    integrity sha512-V2APD9NSnhVpV/QMYgCVMIYKiYG6LSqw1S65wxVoirhU/51ACio6D4yDVSwMzuTJXWZoVHbDdINioBwKy5kVmA==
    dependencies:
      "@stablelib/constant-time" "^1.0.1"
      "@stablelib/hash" "^1.0.1"
      "@stablelib/wipe" "^1.0.1"
  
  "@stablelib/int@^1.0.1":
    version "1.0.1"
    resolved "https://registry.yarnpkg.com/@stablelib/int/-/int-1.0.1.tgz#75928cc25d59d73d75ae361f02128588c15fd008"
    integrity sha512-byr69X/sDtDiIjIV6m4roLVWnNNlRGzsvxw+agj8CIEazqWGOQp2dTYgQhtyVXV9wpO6WyXRQUzLV/JRNumT2w==
  
  "@stablelib/keyagreement@^1.0.1":
    version "1.0.1"
    resolved "https://registry.yarnpkg.com/@stablelib/keyagreement/-/keyagreement-1.0.1.tgz#4612efb0a30989deb437cd352cee637ca41fc50f"
    integrity sha512-VKL6xBwgJnI6l1jKrBAfn265cspaWBPAPEc62VBQrWHLqVgNRE09gQ/AnOEyKUWrrqfD+xSQ3u42gJjLDdMDQg==
    dependencies:
      "@stablelib/bytes" "^1.0.1"
  
  "@stablelib/poly1305@^1.0.1":
    version "1.0.1"
    resolved "https://registry.yarnpkg.com/@stablelib/poly1305/-/poly1305-1.0.1.tgz#93bfb836c9384685d33d70080718deae4ddef1dc"
    integrity sha512-1HlG3oTSuQDOhSnLwJRKeTRSAdFNVB/1djy2ZbS35rBSJ/PFqx9cf9qatinWghC2UbfOYD8AcrtbUQl8WoxabA==
    dependencies:
      "@stablelib/constant-time" "^1.0.1"
      "@stablelib/wipe" "^1.0.1"
  
  "@stablelib/random@1.0.1":
    version "1.0.1"
    resolved "https://registry.yarnpkg.com/@stablelib/random/-/random-1.0.1.tgz#4357a00cb1249d484a9a71e6054bc7b8324a7009"
    integrity sha512-zOh+JHX3XG9MSfIB0LZl/YwPP9w3o6WBiJkZvjPoKKu5LKFW4OLV71vMxWp9qG5T43NaWyn0QQTWgqCdO+yOBQ==
    dependencies:
      "@stablelib/binary" "^1.0.1"
      "@stablelib/wipe" "^1.0.1"
  
  "@stablelib/random@^1.0.1", "@stablelib/random@^1.0.2":
    version "1.0.2"
    resolved "https://registry.yarnpkg.com/@stablelib/random/-/random-1.0.2.tgz#2dece393636489bf7e19c51229dd7900eddf742c"
    integrity sha512-rIsE83Xpb7clHPVRlBj8qNe5L8ISQOzjghYQm/dZ7VaM2KHYwMW5adjQjrzTZCchFnNCNhkwtnOBa9HTMJCI8w==
    dependencies:
      "@stablelib/binary" "^1.0.1"
      "@stablelib/wipe" "^1.0.1"
  
  "@stablelib/sha256@1.0.1":
    version "1.0.1"
    resolved "https://registry.yarnpkg.com/@stablelib/sha256/-/sha256-1.0.1.tgz#77b6675b67f9b0ea081d2e31bda4866297a3ae4f"
    integrity sha512-GIIH3e6KH+91FqGV42Kcj71Uefd/QEe7Dy42sBTeqppXV95ggCcxLTk39bEr+lZfJmp+ghsR07J++ORkRELsBQ==
    dependencies:
      "@stablelib/binary" "^1.0.1"
      "@stablelib/hash" "^1.0.1"
      "@stablelib/wipe" "^1.0.1"
  
  "@stablelib/sha512@^1.0.1":
    version "1.0.1"
    resolved "https://registry.yarnpkg.com/@stablelib/sha512/-/sha512-1.0.1.tgz#6da700c901c2c0ceacbd3ae122a38ac57c72145f"
    integrity sha512-13gl/iawHV9zvDKciLo1fQ8Bgn2Pvf7OV6amaRVKiq3pjQ3UmEpXxWiAfV8tYjUpeZroBxtyrwtdooQT/i3hzw==
    dependencies:
      "@stablelib/binary" "^1.0.1"
      "@stablelib/hash" "^1.0.1"
      "@stablelib/wipe" "^1.0.1"
  
  "@stablelib/wipe@^1.0.1":
    version "1.0.1"
    resolved "https://registry.yarnpkg.com/@stablelib/wipe/-/wipe-1.0.1.tgz#d21401f1d59ade56a62e139462a97f104ed19a36"
    integrity sha512-WfqfX/eXGiAd3RJe4VU2snh/ZPwtSjLG4ynQ/vYzvghTh7dHFcI1wl+nrkWG6lGhukOxOsUHfv8dUXr58D0ayg==
  
  "@stablelib/x25519@1.0.2":
    version "1.0.2"
    resolved "https://registry.yarnpkg.com/@stablelib/x25519/-/x25519-1.0.2.tgz#ae21e2ab668076ec2eb2b4853b82a27fab045fa1"
    integrity sha512-wTR0t0Bp1HABLFRbYaE3vFLuco2QbAg6QvxBnzi5j9qjhYezWHW7OiCZyaWbt25UkSaoolUUT4Il0nS/2vcbSw==
    dependencies:
      "@stablelib/keyagreement" "^1.0.1"
      "@stablelib/random" "^1.0.1"
      "@stablelib/wipe" "^1.0.1"
  
  "@substrate/connect-extension-protocol@^1.0.1":
    version "1.0.1"
    resolved "https://registry.yarnpkg.com/@substrate/connect-extension-protocol/-/connect-extension-protocol-1.0.1.tgz#fa5738039586c648013caa6a0c95c43265dbe77d"
    integrity sha512-161JhCC1csjH3GE5mPLEd7HbWtwNSPJBg3p1Ksz9SFlTzj/bgEwudiRN2y5i0MoLGCIJRYKyKGMxVnd29PzNjg==
  
  "@substrate/connect@0.7.14":
    version "0.7.14"
    resolved "https://registry.yarnpkg.com/@substrate/connect/-/connect-0.7.14.tgz#c090e952e9cdd93185a94d24fbc424ea20fe7bbe"
    integrity sha512-uW5uBmihpivshmmmw+rsg7qOV0KqVSep4rWOXFMP8aFQinvmqw4JqxP21og4H/7JZxttYUBFQVsdtXHGKJ0aVQ==
    dependencies:
      "@substrate/connect-extension-protocol" "^1.0.1"
      "@substrate/smoldot-light" "0.6.34"
      eventemitter3 "^4.0.7"
  
  "@substrate/smoldot-light@0.6.34":
    version "0.6.34"
    resolved "https://registry.yarnpkg.com/@substrate/smoldot-light/-/smoldot-light-0.6.34.tgz#273dba622102281fd0fdb0e375198bff2ec584c3"
    integrity sha512-+HK9MaJ0HelJmpf4YYR+salJ7dhVBltmhGlyz5l8OXS9DW18fe0Z2wxEo8P5kX9CUxlCXEb8J9JBRQAYBPHbwQ==
    dependencies:
      pako "^2.0.4"
      ws "^8.8.1"
  
  "@substrate/ss58-registry@^1.29.1":
    version "1.31.0"
    resolved "https://registry.yarnpkg.com/@substrate/ss58-registry/-/ss58-registry-1.31.0.tgz#489e3a496081dc3ee7ef5ef2eb513962d5d29351"
    integrity sha512-OSOmdjaq9foXfHBy9aLVMwGheygvsiZlv4dggnLOYOuhSmNCsSB/PaW4DBz+/tSdK1Fo9+ZiFW6cF24RA+m0sw==
  
  "@types/bn.js@^5.1.1":
    version "5.1.1"
    resolved "https://registry.yarnpkg.com/@types/bn.js/-/bn.js-5.1.1.tgz#b51e1b55920a4ca26e9285ff79936bbdec910682"
    integrity sha512-qNrYbZqMx0uJAfKnKclPh+dTwK33KfLHYqtyODwd5HnXOjnkhc4qgn3BrK6RWyGZm5+sIFE7Q7Vz6QQtJB7w7g==
    dependencies:
      "@types/node" "*"
  
  "@types/node-fetch@^2.6.2":
    version "2.6.2"
    resolved "https://registry.yarnpkg.com/@types/node-fetch/-/node-fetch-2.6.2.tgz#d1a9c5fd049d9415dce61571557104dec3ec81da"
    integrity sha512-DHqhlq5jeESLy19TYhLakJ07kNumXWjcDdxXsLUMJZ6ue8VZJj4kLPQVE/2mdHh3xZziNF1xppu5lwmS53HR+A==
    dependencies:
      "@types/node" "*"
      form-data "^3.0.0"
  
  "@types/node@*":
    version "18.8.2"
    resolved "https://registry.yarnpkg.com/@types/node/-/node-18.8.2.tgz#17d42c6322d917764dd3d2d3a10d7884925de067"
    integrity sha512-cRMwIgdDN43GO4xMWAfJAecYn8wV4JbsOGHNfNUIDiuYkUYAR5ec4Rj7IO2SAhFPEfpPtLtUTbbny/TCT7aDwA==
  
  "@types/prop-types@*":
    version "15.7.5"
    resolved "https://registry.yarnpkg.com/@types/prop-types/-/prop-types-15.7.5.tgz#5f19d2b85a98e9558036f6a3cacc8819420f05cf"
    integrity sha512-JCB8C6SnDoQf0cNycqd/35A7MjcnK+ZTqE7judS6o7utxUCg6imJg3QK2qzHKszlTjcj2cn+NwMB2i96ubpj7w==
  
  "@types/react@^18.0.21":
    version "18.0.21"
    resolved "https://registry.yarnpkg.com/@types/react/-/react-18.0.21.tgz#b8209e9626bb00a34c76f55482697edd2b43cc67"
    integrity sha512-7QUCOxvFgnD5Jk8ZKlUAhVcRj7GuJRjnjjiY/IUBWKgOlnvDvTMLD4RTF7NPyVmbRhNrbomZiOepg7M/2Kj1mA==
    dependencies:
      "@types/prop-types" "*"
      "@types/scheduler" "*"
      csstype "^3.0.2"
  
  "@types/scheduler@*":
    version "0.16.2"
    resolved "https://registry.yarnpkg.com/@types/scheduler/-/scheduler-0.16.2.tgz#1a62f89525723dde24ba1b01b092bf5df8ad4d39"
    integrity sha512-hppQEBDmlwhFAXKJX2KnWLYu5yMfi91yazPb2l+lbJiwW+wdo1gNeRA+3RgNSO39WYX2euey41KEwnqesU2Jew==
  
  "@types/websocket@^1.0.5":
    version "1.0.5"
    resolved "https://registry.yarnpkg.com/@types/websocket/-/websocket-1.0.5.tgz#3fb80ed8e07f88e51961211cd3682a3a4a81569c"
    integrity sha512-NbsqiNX9CnEfC1Z0Vf4mE1SgAJ07JnRYcNex7AJ9zAVzmiGHmjKFEk7O4TJIsgv2B1sLEb6owKFZrACwdYngsQ==
    dependencies:
      "@types/node" "*"
  
  "@walletconnect/browser-utils@^1.8.0":
    version "1.8.0"
    resolved "https://registry.yarnpkg.com/@walletconnect/browser-utils/-/browser-utils-1.8.0.tgz#33c10e777aa6be86c713095b5206d63d32df0951"
    integrity sha512-Wcqqx+wjxIo9fv6eBUFHPsW1y/bGWWRboni5dfD8PtOmrihrEpOCmvRJe4rfl7xgJW8Ea9UqKEaq0bIRLHlK4A==
    dependencies:
      "@walletconnect/safe-json" "1.0.0"
      "@walletconnect/types" "^1.8.0"
      "@walletconnect/window-getters" "1.0.0"
      "@walletconnect/window-metadata" "1.0.0"
      detect-browser "5.2.0"
  
  "@walletconnect/core@^2.0.0-rc.1":
    version "2.0.0-rc.4-64a80ca5"
    resolved "https://registry.yarnpkg.com/@walletconnect/core/-/core-2.0.0-rc.4-64a80ca5.tgz#c0cdb0f5e7a0893362d359d8a9cc18c35d2cbeda"
    integrity sha512-ASjItWzs4/sU03uIUG0Cr3Z2Q+JcQQ7853H0O+qvOR/F5vbkL5jklG6PDOxD3nQfU9ws17ikZ/Epjfsf4yshBQ==
    dependencies:
      "@walletconnect/heartbeat" "1.0.0"
      "@walletconnect/jsonrpc-provider" "1.0.5"
      "@walletconnect/jsonrpc-utils" "1.0.3"
      "@walletconnect/jsonrpc-ws-connection" "1.0.3"
      "@walletconnect/keyvaluestorage" "1.0.0-64a80ca5"
      "@walletconnect/logger" "1.0.1"
      "@walletconnect/relay-api" "1.0.6"
      "@walletconnect/relay-auth" "1.0.3"
      "@walletconnect/safe-json" "1.0.0"
      "@walletconnect/time" "1.0.1"
      "@walletconnect/types" "2.0.0-rc.3"
      "@walletconnect/utils" "2.0.0-rc.3"
      lodash.isequal "4.5.0"
      pino "6.7.0"
      pino-pretty "4.3.0"
      uint8arrays "3.1.0"
  
  "@walletconnect/environment@^1.0.0":
    version "1.0.0"
    resolved "https://registry.yarnpkg.com/@walletconnect/environment/-/environment-1.0.0.tgz#c4545869fa9c389ec88c364e1a5f8178e8ab5034"
    integrity sha512-4BwqyWy6KpSvkocSaV7WR3BlZfrxLbJSLkg+j7Gl6pTDE+U55lLhJvQaMuDVazXYxcjBsG09k7UlH7cGiUI5vQ==
  
  "@walletconnect/events@1.0.0", "@walletconnect/events@^1.0.0":
    version "1.0.0"
    resolved "https://registry.yarnpkg.com/@walletconnect/events/-/events-1.0.0.tgz#000033a52a618345713d5bd43e8780d120c5accc"
    integrity sha512-LLf8krnHo+PsObwMZbGhVaG24SvGTJM0MEtPNhrlQmp27CRV+LwYpHLh7fhABcnUon4aeo7dojCJMmx5jBNWuQ==
    dependencies:
      keyvaluestorage-interface "^1.0.0"
  
  "@walletconnect/heartbeat@1.0.0":
    version "1.0.0"
    resolved "https://registry.yarnpkg.com/@walletconnect/heartbeat/-/heartbeat-1.0.0.tgz#d77d10aab467aafc45a09e25547d2158da630198"
    integrity sha512-WMWbUNHVkVd7FS38P0DMDlvR38P/kSZcda94t54h8XtC1CfI2M/Cn9TGS6mC6MNuDkZZm+cOdkekibQc+9sNdQ==
    dependencies:
      "@walletconnect/events" "^1.0.0"
      "@walletconnect/time" "^1.0.1"
  
  "@walletconnect/jsonrpc-provider@1.0.5":
    version "1.0.5"
    resolved "https://registry.yarnpkg.com/@walletconnect/jsonrpc-provider/-/jsonrpc-provider-1.0.5.tgz#1a66053b6f083a9885a32b7c2c8f6a376f1a4458"
    integrity sha512-v61u4ZIV8+p9uIHS2Kl2YRj/2idrQiHcrbrJXw3McQkEJtj9mkCofr1Hu/n419wSRM5uiNK8Z4WRS9zGTTAhWQ==
    dependencies:
      "@walletconnect/jsonrpc-utils" "^1.0.3"
      "@walletconnect/safe-json" "^1.0.0"
  
  "@walletconnect/jsonrpc-types@1.0.1", "@walletconnect/jsonrpc-types@^1.0.1":
    version "1.0.1"
    resolved "https://registry.yarnpkg.com/@walletconnect/jsonrpc-types/-/jsonrpc-types-1.0.1.tgz#a96b4bb2bcc8838a70e06f15c1b5ab11c47d8e95"
    integrity sha512-+6coTtOuChCqM+AoYyi4Q83p9l/laI6NvuM2/AHaZFuf0gT0NjW7IX2+86qGyizn7Ptq4AYZmfxurAxTnhefuw==
    dependencies:
      keyvaluestorage-interface "^1.0.0"
  
  "@walletconnect/jsonrpc-utils@1.0.3", "@walletconnect/jsonrpc-utils@^1.0.3":
    version "1.0.3"
    resolved "https://registry.yarnpkg.com/@walletconnect/jsonrpc-utils/-/jsonrpc-utils-1.0.3.tgz#5bd49865eef0eae48e8b45a06731dc18691cf8c7"
    integrity sha512-3yb49bPk16MNLk6uIIHPSHQCpD6UAo1OMOx1rM8cW/MPEAYAzrSW5hkhG7NEUwX9SokRIgnZK3QuQkiyNzBMhQ==
    dependencies:
      "@walletconnect/environment" "^1.0.0"
      "@walletconnect/jsonrpc-types" "^1.0.1"
  
  "@walletconnect/jsonrpc-ws-connection@1.0.3":
    version "1.0.3"
    resolved "https://registry.yarnpkg.com/@walletconnect/jsonrpc-ws-connection/-/jsonrpc-ws-connection-1.0.3.tgz#a2c9dce8ccbdeda4f7923356b32644ea4908375f"
    integrity sha512-+tKT3y8HvSdwXZkvF3+6FwnT9MYVdR7rxr1/x/hCPCB4DCLl4ZfDm8rP4doXbDaMJHaMrGn2JNT3RPABlOXSnw==
    dependencies:
      "@walletconnect/jsonrpc-utils" "^1.0.3"
      "@walletconnect/safe-json" "^1.0.0"
      ws "^7.5.1"
  
  "@walletconnect/keyvaluestorage@1.0.0":
    version "1.0.0"
    resolved "https://registry.yarnpkg.com/@walletconnect/keyvaluestorage/-/keyvaluestorage-1.0.0.tgz#2733fc32c868f534419308f90b079fba0ef7d66e"
    integrity sha512-dlIrX/pCjuXMUprkLdy0hw0Ibr3To9nCdG19mPqd/lRdRWsPItBL+79LClVplMxb0cuF3qlTuGTNx/hmUKYmWA==
    dependencies:
      localStorage "^1.0.4"
      safe-json-utils "^1.1.1"
  
  "@walletconnect/keyvaluestorage@1.0.0-64a80ca5":
    version "1.0.0-64a80ca5"
    resolved "https://registry.yarnpkg.com/@walletconnect/keyvaluestorage/-/keyvaluestorage-1.0.0-64a80ca5.tgz#085b86f3a1733d64f215f51a1b1031daa64ae4b1"
    integrity sha512-U3D7G4iItNZYLqikV450wul3KHnjiJ6Dz22HKycvgo+Jm75WDqAgwkMJKD9BFrINTVCKTWLQpyk/Kr51jF7Z5g==
    dependencies:
      localStorage "^1.0.4"
      safe-json-utils "^1.1.1"
  
  "@walletconnect/logger@1.0.1":
    version "1.0.1"
    resolved "https://registry.yarnpkg.com/@walletconnect/logger/-/logger-1.0.1.tgz#680e45099b62ec20262a7f87ff374f73d08109be"
    integrity sha512-veJCZTA2uhJP8qS5J8FGYXSduShFZflNFIYesm80fW6zKIQ+Hvg0GR0r4LeXk5cnve5qT7QO+FUnO29v/aYtPQ==
    dependencies:
      pino "^6.7.0"
  
  "@walletconnect/mobile-registry@^1.4.0":
    version "1.4.0"
    resolved "https://registry.yarnpkg.com/@walletconnect/mobile-registry/-/mobile-registry-1.4.0.tgz#502cf8ab87330841d794819081e748ebdef7aee5"
    integrity sha512-ZtKRio4uCZ1JUF7LIdecmZt7FOLnX72RPSY7aUVu7mj7CSfxDwUn6gBuK6WGtH+NZCldBqDl5DenI5fFSvkKYw==
  
  "@walletconnect/qrcode-modal@^1.8.0":
    version "1.8.0"
    resolved "https://registry.yarnpkg.com/@walletconnect/qrcode-modal/-/qrcode-modal-1.8.0.tgz#ddd6f5c9b7ee52c16adf9aacec2a3eac4994caea"
    integrity sha512-BueaFefaAi8mawE45eUtztg3ZFbsAH4DDXh1UNwdUlsvFMjqcYzLUG0xZvDd6z2eOpbgDg2N3bl6gF0KONj1dg==
    dependencies:
      "@walletconnect/browser-utils" "^1.8.0"
      "@walletconnect/mobile-registry" "^1.4.0"
      "@walletconnect/types" "^1.8.0"
      copy-to-clipboard "^3.3.1"
      preact "10.4.1"
      qrcode "1.4.4"
  
  "@walletconnect/relay-api@1.0.6":
    version "1.0.6"
    resolved "https://registry.yarnpkg.com/@walletconnect/relay-api/-/relay-api-1.0.6.tgz#6972b20a0fceee68f164a2d65064eaf458d4d27d"
    integrity sha512-KW7juHNomtzZWGZy+7MuzppXlUenBOz4AvLKNwXf5c9x8T0LhpodM/NnrsJsxB+Gu3dJl5Zv5R86CcCQIqxlKg==
    dependencies:
      "@walletconnect/jsonrpc-types" "^1.0.1"
  
  "@walletconnect/relay-auth@1.0.3":
    version "1.0.3"
    resolved "https://registry.yarnpkg.com/@walletconnect/relay-auth/-/relay-auth-1.0.3.tgz#5a20fa0a95b0678fb26d7e96dc0e3f780867deec"
    integrity sha512-73BHB4oTftTGveNIFO0g73KjAl9dSPKUZ/3hgEo4FRs7SzXORUQKjeDsZnOWFYWaDeiozH2ckaJv5GJtORI79Q==
    dependencies:
      "@stablelib/ed25519" "^1.0.2"
      "@stablelib/random" "^1.0.1"
      "@walletconnect/safe-json" "^1.0.0"
      "@walletconnect/time" "^1.0.1"
      uint8arrays "^3.0.0"
  
  "@walletconnect/safe-json@1.0.0", "@walletconnect/safe-json@^1.0.0":
    version "1.0.0"
    resolved "https://registry.yarnpkg.com/@walletconnect/safe-json/-/safe-json-1.0.0.tgz#12eeb11d43795199c045fafde97e3c91646683b2"
    integrity sha512-QJzp/S/86sUAgWY6eh5MKYmSfZaRpIlmCJdi5uG4DJlKkZrHEF7ye7gA+VtbVzvTtpM/gRwO2plQuiooIeXjfg==
  
  "@walletconnect/sign-client@2.0.0-rc.1":
    version "2.0.0-rc.1"
    resolved "https://registry.yarnpkg.com/@walletconnect/sign-client/-/sign-client-2.0.0-rc.1.tgz#740be65e5d24443586933d49658c95913651bb81"
    integrity sha512-F2etSEW1l7TgS7SMMqdCQZvh7I9+TY7MFbYyVSfYQQlTHCApTJ5mO1VkootdBdEJpmIedLl/7l/b9h7kftNd6g==
    dependencies:
      "@walletconnect/core" "^2.0.0-rc.1"
      "@walletconnect/events" "1.0.0"
      "@walletconnect/heartbeat" "1.0.0"
      "@walletconnect/jsonrpc-provider" "1.0.5"
      "@walletconnect/jsonrpc-utils" "1.0.3"
      "@walletconnect/logger" "1.0.1"
      "@walletconnect/time" "1.0.1"
      "@walletconnect/types" "^2.0.0-rc.1"
      "@walletconnect/utils" "^2.0.0-rc.1"
      pino "6.7.0"
      pino-pretty "4.3.0"
  
  "@walletconnect/time@1.0.1", "@walletconnect/time@^1.0.1":
    version "1.0.1"
    resolved "https://registry.yarnpkg.com/@walletconnect/time/-/time-1.0.1.tgz#645f596887e67c56522edbc2b170d46a97c87ce0"
    integrity sha512-LtNtHupTNranehLMh8Z/JN6xVySysSoJNjNCQ0ML+hOUkim5QX/VdvfovSpaX9qA2b95u7bIuTcq0O3UBk7Iyw==
  
  "@walletconnect/types@2.0.0-rc.1":
    version "2.0.0-rc.1"
    resolved "https://registry.yarnpkg.com/@walletconnect/types/-/types-2.0.0-rc.1.tgz#192608a04d764584db0c72b5c0a02d039c6ee46f"
    integrity sha512-7wRSV9NjWfHO+Ofdx334Npq54v2Qi7sOSiZyNe2zqnKMz/4NrkA0ZZyNt1+xZ4eIheppA4eVg/R/UgkiSPuzyQ==
    dependencies:
      "@walletconnect/events" "1.0.0"
      "@walletconnect/heartbeat" "1.0.0"
      "@walletconnect/jsonrpc-types" "1.0.1"
      "@walletconnect/keyvaluestorage" "1.0.0"
  
  "@walletconnect/types@2.0.0-rc.3":
    version "2.0.0-rc.3"
    resolved "https://registry.yarnpkg.com/@walletconnect/types/-/types-2.0.0-rc.3.tgz#fdb8b9d8e2d55e87faaad2723a2a56b4762a2714"
    integrity sha512-PkzgdBr4tSXQtyGT91P6cdQJ44dCwRRwIW4BDW6tRqsvziPcyt6aQzWYfKQiMl6i2fIMK/8fgr1oDYPcLQLvbA==
    dependencies:
      "@walletconnect/events" "1.0.0"
      "@walletconnect/heartbeat" "1.0.0"
      "@walletconnect/jsonrpc-types" "1.0.1"
      "@walletconnect/keyvaluestorage" "1.0.0"
  
  "@walletconnect/types@2.0.0-rc.4", "@walletconnect/types@^2.0.0-rc.1":
    version "2.0.0-rc.4"
    resolved "https://registry.yarnpkg.com/@walletconnect/types/-/types-2.0.0-rc.4.tgz#7068df28041f0600b9e0d67a803b2e32456080bf"
    integrity sha512-ZNGkwWNVQab85cNKyp5h82pripRoa46loEo5gWlR8H/KNIrll1GZbijnd8mZb4RF+TLLN+FrQqfZZNcaeWNFCw==
    dependencies:
      "@walletconnect/events" "1.0.0"
      "@walletconnect/heartbeat" "1.0.0"
      "@walletconnect/jsonrpc-types" "1.0.1"
      "@walletconnect/keyvaluestorage" "1.0.0"
  
  "@walletconnect/types@^1.8.0":
    version "1.8.0"
    resolved "https://registry.yarnpkg.com/@walletconnect/types/-/types-1.8.0.tgz#3f5e85b2d6b149337f727ab8a71b8471d8d9a195"
    integrity sha512-Cn+3I0V0vT9ghMuzh1KzZvCkiAxTq+1TR2eSqw5E5AVWfmCtECFkVZBP6uUJZ8YjwLqXheI+rnjqPy7sVM4Fyg==
  
  "@walletconnect/utils@2.0.0-rc.3":
    version "2.0.0-rc.3"
    resolved "https://registry.yarnpkg.com/@walletconnect/utils/-/utils-2.0.0-rc.3.tgz#4032deb8212888e7c36cde09cb7f95d07ac84b12"
    integrity sha512-ThMv+uLZiU9iSEN28cLZy98/LyQmHQ6eq29P9qsET9ZginF5QplmvTRKQvLSeLrU4K4rcRaXs/FndhxxiRhPcQ==
    dependencies:
      "@stablelib/chacha20poly1305" "1.0.1"
      "@stablelib/hkdf" "1.0.1"
      "@stablelib/random" "1.0.1"
      "@stablelib/sha256" "1.0.1"
      "@stablelib/x25519" "1.0.2"
      "@walletconnect/jsonrpc-utils" "1.0.3"
      "@walletconnect/relay-api" "1.0.6"
      "@walletconnect/safe-json" "1.0.0"
      "@walletconnect/time" "1.0.1"
      "@walletconnect/types" "2.0.0-rc.3"
      "@walletconnect/window-getters" "1.0.0"
      "@walletconnect/window-metadata" "1.0.0"
      detect-browser "5.3.0"
      query-string "7.1.1"
      uint8arrays "3.1.0"
  
  "@walletconnect/utils@^2.0.0-rc.1":
    version "2.0.0-rc.4"
    resolved "https://registry.yarnpkg.com/@walletconnect/utils/-/utils-2.0.0-rc.4.tgz#a6717a26e0734a9708d79c7679f2d08baac39802"
    integrity sha512-qg3a924eauH1u/FfgdjEEkJuNlFsKglh2AGosnFXB4bYaAhFBZkMxZfh0W6I2s9GJWU8pyr21qso489YIDWIVw==
    dependencies:
      "@stablelib/chacha20poly1305" "1.0.1"
      "@stablelib/hkdf" "1.0.1"
      "@stablelib/random" "1.0.1"
      "@stablelib/sha256" "1.0.1"
      "@stablelib/x25519" "1.0.2"
      "@walletconnect/jsonrpc-utils" "1.0.3"
      "@walletconnect/relay-api" "1.0.6"
      "@walletconnect/safe-json" "1.0.0"
      "@walletconnect/time" "1.0.1"
      "@walletconnect/types" "2.0.0-rc.4"
      "@walletconnect/window-getters" "1.0.0"
      "@walletconnect/window-metadata" "1.0.0"
      detect-browser "5.3.0"
      query-string "7.1.1"
      uint8arrays "3.1.0"
  
  "@walletconnect/window-getters@1.0.0", "@walletconnect/window-getters@^1.0.0":
    version "1.0.0"
    resolved "https://registry.yarnpkg.com/@walletconnect/window-getters/-/window-getters-1.0.0.tgz#1053224f77e725dfd611c83931b5f6c98c32bfc8"
    integrity sha512-xB0SQsLaleIYIkSsl43vm8EwETpBzJ2gnzk7e0wMF3ktqiTGS6TFHxcprMl5R44KKh4tCcHCJwolMCaDSwtAaA==
  
  "@walletconnect/window-metadata@1.0.0":
    version "1.0.0"
    resolved "https://registry.yarnpkg.com/@walletconnect/window-metadata/-/window-metadata-1.0.0.tgz#93b1cc685e6b9b202f29c26be550fde97800c4e5"
    integrity sha512-9eFvmJxIKCC3YWOL97SgRkKhlyGXkrHwamfechmqszbypFspaSk+t2jQXAEU7YClHF6Qjw5eYOmy1//zFi9/GA==
    dependencies:
      "@walletconnect/window-getters" "^1.0.0"
  
  ansi-regex@^4.1.0:
    version "4.1.1"
    resolved "https://registry.yarnpkg.com/ansi-regex/-/ansi-regex-4.1.1.tgz#164daac87ab2d6f6db3a29875e2d1766582dabed"
    integrity sha512-ILlv4k/3f6vfQ4OoP2AGvirOktlQ98ZEL1k9FaQjxa3L1abBgbuTDAdPOpvbGncC0BTVQrl+OM8xZGK6tWXt7g==
  
  ansi-styles@^3.2.0, ansi-styles@^3.2.1:
    version "3.2.1"
    resolved "https://registry.yarnpkg.com/ansi-styles/-/ansi-styles-3.2.1.tgz#41fbb20243e50b12be0f04b8dedbf07520ce841d"
    integrity sha512-VT0ZI6kZRdTh8YyJw3SMbYm/u+NqfsAxEpWO0Pf9sq8/e94WxxOpPKx9FR1FlyCtOVDNOQ+8ntlqFxiRc+r5qA==
    dependencies:
      color-convert "^1.9.0"
  
  ansi-styles@^4.1.0:
    version "4.3.0"
    resolved "https://registry.yarnpkg.com/ansi-styles/-/ansi-styles-4.3.0.tgz#edd803628ae71c04c85ae7a0906edad34b648937"
    integrity sha512-zbB9rCJAT1rbjiVDb2hqKFHNYLxgtk8NURxZ3IZwD3F6NtxbXZQCnnSi1Lkx+IDohdPlFp222wVALIheZJQSEg==
    dependencies:
      color-convert "^2.0.1"
  
  args@^5.0.1:
    version "5.0.3"
    resolved "https://registry.yarnpkg.com/args/-/args-5.0.3.tgz#943256db85021a85684be2f0882f25d796278702"
    integrity sha512-h6k/zfFgusnv3i5TU08KQkVKuCPBtL/PWQbWkHUxvJrZ2nAyeaUupneemcrgn1xmqxPQsPIzwkUhOpoqPDRZuA==
    dependencies:
      camelcase "5.0.0"
      chalk "2.4.2"
      leven "2.1.0"
      mri "1.1.4"
  
  asynckit@^0.4.0:
    version "0.4.0"
    resolved "https://registry.yarnpkg.com/asynckit/-/asynckit-0.4.0.tgz#c79ed97f7f34cb8f2ba1bc9790bcc366474b4b79"
    integrity sha512-Oei9OH4tRh0YqU3GxhX79dM/mwVgvbZJaSNaRk+bshkj0S5cfHcgYakreBjrHwatXKbz+IoIdYLxrKim2MjW0Q==
  
  atomic-sleep@^1.0.0:
    version "1.0.0"
    resolved "https://registry.yarnpkg.com/atomic-sleep/-/atomic-sleep-1.0.0.tgz#eb85b77a601fc932cfe432c5acd364a9e2c9075b"
    integrity sha512-kNOjDqAh7px0XWNI+4QbzoiR/nTkHAWNud2uvnJquD1/x5a7EQZMJT0AczqK0Qn67oY/TTQ1LbUKajZpp3I9tQ==
  
  base64-js@^1.3.1:
    version "1.5.1"
    resolved "https://registry.yarnpkg.com/base64-js/-/base64-js-1.5.1.tgz#1b1b440160a5bf7ad40b650f095963481903930a"
    integrity sha512-AKpaYlHn8t4SVbOHCy+b5+KKgvR4vrsD8vbvrbiQJps7fKDTkjkDry6ji0rUJjC0kzbNePLwzxq8iypo41qeWA==
  
  bn.js@^5.2.1:
    version "5.2.1"
    resolved "https://registry.yarnpkg.com/bn.js/-/bn.js-5.2.1.tgz#0bc527a6a0d18d0aa8d5b0538ce4a77dccfa7b70"
    integrity sha512-eXRvHzWyYPBuB4NBy0cmYQjGitUrtqwbvlzP3G6VFnNRbsZQIxQ10PbKKHt8gZ/HW/D/747aDl+QkDqg3KQLMQ==
  
  buffer-alloc-unsafe@^1.1.0:
    version "1.1.0"
    resolved "https://registry.yarnpkg.com/buffer-alloc-unsafe/-/buffer-alloc-unsafe-1.1.0.tgz#bd7dc26ae2972d0eda253be061dba992349c19f0"
    integrity sha512-TEM2iMIEQdJ2yjPJoSIsldnleVaAk1oW3DBVUykyOLsEsFmEc9kn+SFFPz+gl54KQNxlDnAwCXosOS9Okx2xAg==
  
  buffer-alloc@^1.2.0:
    version "1.2.0"
    resolved "https://registry.yarnpkg.com/buffer-alloc/-/buffer-alloc-1.2.0.tgz#890dd90d923a873e08e10e5fd51a57e5b7cce0ec"
    integrity sha512-CFsHQgjtW1UChdXgbyJGtnm+O/uLQeZdtbDo8mfUgYXCHSM1wgrVxXm6bSyrUuErEb+4sYVGCzASBRot7zyrow==
    dependencies:
      buffer-alloc-unsafe "^1.1.0"
      buffer-fill "^1.0.0"
  
  buffer-fill@^1.0.0:
    version "1.0.0"
    resolved "https://registry.yarnpkg.com/buffer-fill/-/buffer-fill-1.0.0.tgz#f8f78b76789888ef39f205cd637f68e702122b2c"
    integrity sha512-T7zexNBwiiaCOGDg9xNX9PBmjrubblRkENuptryuI64URkXDFum9il/JGL8Lm8wYfAXpredVXXZz7eMHilimiQ==
  
  buffer-from@^1.1.1:
    version "1.1.2"
    resolved "https://registry.yarnpkg.com/buffer-from/-/buffer-from-1.1.2.tgz#2b146a6fd72e80b4f55d255f35ed59a3a9a41bd5"
    integrity sha512-E+XQCRwSbaaiChtv6k6Dwgc+bx+Bs6vuKJHHl5kox/BaKbhiXzqQOwK4cO22yElGp2OCmjwVhT3HmxgyPGnJfQ==
  
  buffer@^5.4.3:
    version "5.7.1"
    resolved "https://registry.yarnpkg.com/buffer/-/buffer-5.7.1.tgz#ba62e7c13133053582197160851a8f648e99eed0"
    integrity sha512-EHcyIPBQ4BSGlvjB16k5KgAJ27CIsHY/2JBmCRReo48y9rQ3MaUzWX3KVlBa4U7MyX02HdVj0K7C3WaB3ju7FQ==
    dependencies:
      base64-js "^1.3.1"
      ieee754 "^1.1.13"
  
  bufferutil@^4.0.1:
    version "4.0.6"
    resolved "https://registry.yarnpkg.com/bufferutil/-/bufferutil-4.0.6.tgz#ebd6c67c7922a0e902f053e5d8be5ec850e48433"
    integrity sha512-jduaYOYtnio4aIAyc6UbvPCVcgq7nYpVnucyxr6eCYg/Woad9Hf/oxxBRDnGGjPfjUm6j5O/uBWhIu4iLebFaw==
    dependencies:
      node-gyp-build "^4.3.0"
  
  camelcase@5.0.0:
    version "5.0.0"
    resolved "https://registry.yarnpkg.com/camelcase/-/camelcase-5.0.0.tgz#03295527d58bd3cd4aa75363f35b2e8d97be2f42"
    integrity sha512-faqwZqnWxbxn+F1d399ygeamQNy3lPp/H9H6rNrqYh4FSVCtcY+3cub1MxA8o9mDd55mM8Aghuu/kuyYA6VTsA==
  
  camelcase@^5.0.0:
    version "5.3.1"
    resolved "https://registry.yarnpkg.com/camelcase/-/camelcase-5.3.1.tgz#e3c9b31569e106811df242f715725a1f4c494320"
    integrity sha512-L28STB170nwWS63UjtlEOE3dldQApaJXZkOI1uMFfzf3rRuPegHaHesyee+YxQ+W6SvRDQV6UrdOdRiR153wJg==
  
  chalk@2.4.2:
    version "2.4.2"
    resolved "https://registry.yarnpkg.com/chalk/-/chalk-2.4.2.tgz#cd42541677a54333cf541a49108c1432b44c9424"
    integrity sha512-Mti+f9lpJNcwF4tWV8/OrTTtF1gZi+f8FqlyAdouralcFWFQWF2+NgCHShjkCb+IFBLq9buZwE1xckQU4peSuQ==
    dependencies:
      ansi-styles "^3.2.1"
      escape-string-regexp "^1.0.5"
      supports-color "^5.3.0"
  
  chalk@^4.0.0:
    version "4.1.2"
    resolved "https://registry.yarnpkg.com/chalk/-/chalk-4.1.2.tgz#aac4e2b7734a740867aeb16bf02aad556a1e7a01"
    integrity sha512-oKnbhFyRIXpUuez8iBMmyEa4nbj4IOQyuhc/wy9kY7/WVPcwIO9VA668Pu8RkO7+0G76SLROeyw9CpQ061i4mA==
    dependencies:
      ansi-styles "^4.1.0"
      supports-color "^7.1.0"
  
  cliui@^5.0.0:
    version "5.0.0"
    resolved "https://registry.yarnpkg.com/cliui/-/cliui-5.0.0.tgz#deefcfdb2e800784aa34f46fa08e06851c7bbbc5"
    integrity sha512-PYeGSEmmHM6zvoef2w8TPzlrnNpXIjTipYK780YswmIP9vjxmd6Y2a3CB2Ks6/AU8NHjZugXvo8w3oWM2qnwXA==
    dependencies:
      string-width "^3.1.0"
      strip-ansi "^5.2.0"
      wrap-ansi "^5.1.0"
  
  color-convert@^1.9.0:
    version "1.9.3"
    resolved "https://registry.yarnpkg.com/color-convert/-/color-convert-1.9.3.tgz#bb71850690e1f136567de629d2d5471deda4c1e8"
    integrity sha512-QfAUtd+vFdAtFQcC8CCyYt1fYWxSqAiK2cSD6zDB8N3cpsEBAvRxp9zOGg6G/SHHJYAT88/az/IuDGALsNVbGg==
    dependencies:
      color-name "1.1.3"
  
  color-convert@^2.0.1:
    version "2.0.1"
    resolved "https://registry.yarnpkg.com/color-convert/-/color-convert-2.0.1.tgz#72d3a68d598c9bdb3af2ad1e84f21d896abd4de3"
    integrity sha512-RRECPsj7iu/xb5oKYcsFHSppFNnsj/52OVTRKb4zP5onXwVF3zVmmToNcOfGC+CRDpfK/U584fMg38ZHCaElKQ==
    dependencies:
      color-name "~1.1.4"
  
  color-name@1.1.3:
    version "1.1.3"
    resolved "https://registry.yarnpkg.com/color-name/-/color-name-1.1.3.tgz#a7d0558bd89c42f795dd42328f740831ca53bc25"
    integrity sha512-72fSenhMw2HZMTVHeCA9KCmpEIbzWiQsjN+BHcBbS9vr1mtt+vJjPdksIBNUmKAW8TFUDPJK5SUU3QhE9NEXDw==
  
  color-name@~1.1.4:
    version "1.1.4"
    resolved "https://registry.yarnpkg.com/color-name/-/color-name-1.1.4.tgz#c2a09a87acbde69543de6f63fa3995c826c536a2"
    integrity sha512-dOy+3AuW3a2wNbZHIuMZpTcgjGuLU/uBL/ubcZF9OXbDo8ff4O8yVp5Bf0efS8uEoYo5q4Fx7dY9OgQGXgAsQA==
  
  combined-stream@^1.0.8:
    version "1.0.8"
    resolved "https://registry.yarnpkg.com/combined-stream/-/combined-stream-1.0.8.tgz#c3d45a8b34fd730631a110a8a2520682b31d5a7f"
    integrity sha512-FQN4MRfuJeHf7cBbBMJFXhKSDq+2kAArBlmRBvcvFE5BB1HZKXtSFASDhdlz9zOYwxh8lDdnvmMOe/+5cdoEdg==
    dependencies:
      delayed-stream "~1.0.0"
  
  copy-to-clipboard@^3.3.1:
    version "3.3.2"
    resolved "https://registry.yarnpkg.com/copy-to-clipboard/-/copy-to-clipboard-3.3.2.tgz#5b263ec2366224b100181dded7ce0579b340c107"
    integrity sha512-Vme1Z6RUDzrb6xAI7EZlVZ5uvOk2F//GaxKUxajDqm9LhOVM1inxNAD2vy+UZDYsd0uyA9s7b3/FVZPSxqrCfg==
    dependencies:
      toggle-selection "^1.0.6"
  
  csstype@^3.0.2:
    version "3.1.1"
    resolved "https://registry.yarnpkg.com/csstype/-/csstype-3.1.1.tgz#841b532c45c758ee546a11d5bd7b7b473c8c30b9"
    integrity sha512-DJR/VvkAvSZW9bTouZue2sSxDwdTN92uHjqeKVm+0dAqdfNykRzQ95tay8aXMBAAPpUiq4Qcug2L7neoRh2Egw==
  
  d@1, d@^1.0.1:
    version "1.0.1"
    resolved "https://registry.yarnpkg.com/d/-/d-1.0.1.tgz#8698095372d58dbee346ffd0c7093f99f8f9eb5a"
    integrity sha512-m62ShEObQ39CfralilEQRjH6oAMtNCV1xJyEx5LpRYUVN+EviphDgUc/F3hnYbADmkiNs67Y+3ylmlG7Lnu+FA==
    dependencies:
      es5-ext "^0.10.50"
      type "^1.0.1"
  
  data-uri-to-buffer@^4.0.0:
    version "4.0.0"
    resolved "https://registry.yarnpkg.com/data-uri-to-buffer/-/data-uri-to-buffer-4.0.0.tgz#b5db46aea50f6176428ac05b73be39a57701a64b"
    integrity sha512-Vr3mLBA8qWmcuschSLAOogKgQ/Jwxulv3RNE4FXnYWRGujzrRWQI4m12fQqRkwX06C0KanhLr4hK+GydchZsaA==
  
  dateformat@^3.0.3:
    version "3.0.3"
    resolved "https://registry.yarnpkg.com/dateformat/-/dateformat-3.0.3.tgz#a6e37499a4d9a9cf85ef5872044d62901c9889ae"
    integrity sha512-jyCETtSl3VMZMWeRo7iY1FL19ges1t55hMo5yaam4Jrsm5EPL89UQkoQRyiI+Yf4k8r2ZpdngkV8hr1lIdjb3Q==
  
  debug@^2.2.0:
    version "2.6.9"
    resolved "https://registry.yarnpkg.com/debug/-/debug-2.6.9.tgz#5d128515df134ff327e90a4c93f4e077a536341f"
    integrity sha512-bC7ElrdJaJnPbAP+1EotYvqZsb3ecl5wi6Bfi6BJTUcNowp6cvspg0jXznRTKDjm/E7AdgFBVeAPVMNcKGsHMA==
    dependencies:
      ms "2.0.0"
  
  debug@^4.1.0:
    version "4.3.4"
    resolved "https://registry.yarnpkg.com/debug/-/debug-4.3.4.tgz#1319f6579357f2338d3337d2cdd4914bb5dcc865"
    integrity sha512-PRWFHuSU3eDtQJPvnNY7Jcket1j0t5OuOsFzPPzsekD52Zl8qUfFIPEiswXqIvHWGVHOgX+7G/vCNNhehwxfkQ==
    dependencies:
      ms "2.1.2"
  
  decamelize@^1.2.0:
    version "1.2.0"
    resolved "https://registry.yarnpkg.com/decamelize/-/decamelize-1.2.0.tgz#f6534d15148269b20352e7bee26f501f9a191290"
    integrity sha512-z2S+W9X73hAUUki+N+9Za2lBlun89zigOyGrsax+KUQ6wKW4ZoWpEYBkGhQjwAjjDCkWxhY0VKEhk8wzY7F5cA==
  
  decode-uri-component@^0.2.0:
    version "0.2.0"
    resolved "https://registry.yarnpkg.com/decode-uri-component/-/decode-uri-component-0.2.0.tgz#eb3913333458775cb84cd1a1fae062106bb87545"
    integrity sha512-hjf+xovcEn31w/EUYdTXQh/8smFL/dzYjohQGEIgjyNavaJfBY2p5F527Bo1VPATxv0VYTUC2bOcXvqFwk78Og==
  
  delayed-stream@~1.0.0:
    version "1.0.0"
    resolved "https://registry.yarnpkg.com/delayed-stream/-/delayed-stream-1.0.0.tgz#df3ae199acadfb7d440aaae0b29e2272b24ec619"
    integrity sha512-ZySD7Nf91aLB0RxL4KGrKHBXl7Eds1DAmEdcoVawXnLD7SDhpNgtuII2aAkg7a7QS41jxPSZ17p4VdGnMHk3MQ==
  
  detect-browser@5.2.0:
    version "5.2.0"
    resolved "https://registry.yarnpkg.com/detect-browser/-/detect-browser-5.2.0.tgz#c9cd5afa96a6a19fda0bbe9e9be48a6b6e1e9c97"
    integrity sha512-tr7XntDAu50BVENgQfajMLzacmSe34D+qZc4zjnniz0ZVuw/TZcLcyxHQjYpJTM36sGEkZZlYLnIM1hH7alTMA==
  
  detect-browser@5.3.0:
    version "5.3.0"
    resolved "https://registry.yarnpkg.com/detect-browser/-/detect-browser-5.3.0.tgz#9705ef2bddf46072d0f7265a1fe300e36fe7ceca"
    integrity sha512-53rsFbGdwMwlF7qvCt0ypLM5V5/Mbl0szB7GPN8y9NCcbknYOeVVXdrXEq+90IwAfrrzt6Hd+u2E2ntakICU8w==
  
  dijkstrajs@^1.0.1:
    version "1.0.2"
    resolved "https://registry.yarnpkg.com/dijkstrajs/-/dijkstrajs-1.0.2.tgz#2e48c0d3b825462afe75ab4ad5e829c8ece36257"
    integrity sha512-QV6PMaHTCNmKSeP6QoXhVTw9snc9VD8MulTT0Bd99Pacp4SS1cjcrYPgBPmibqKVtMJJfqC6XvOXgPMEEPH/fg==
  
  ed2curve@^0.3.0:
    version "0.3.0"
    resolved "https://registry.yarnpkg.com/ed2curve/-/ed2curve-0.3.0.tgz#322b575152a45305429d546b071823a93129a05d"
    integrity sha512-8w2fmmq3hv9rCrcI7g9hms2pMunQr1JINfcjwR9tAyZqhtyaMN991lF/ZfHfr5tzZQ8c7y7aBgZbjfbd0fjFwQ==
    dependencies:
      tweetnacl "1.x.x"
  
  emoji-regex@^7.0.1:
    version "7.0.3"
    resolved "https://registry.yarnpkg.com/emoji-regex/-/emoji-regex-7.0.3.tgz#933a04052860c85e83c122479c4748a8e4c72156"
    integrity sha512-CwBLREIQ7LvYFB0WyRvwhq5N5qPhc6PMjD6bYggFlI5YyDgl+0vxq5VHbMOFqLg7hfWzmu8T5Z1QofhmTIhItA==
  
  end-of-stream@^1.1.0:
    version "1.4.4"
    resolved "https://registry.yarnpkg.com/end-of-stream/-/end-of-stream-1.4.4.tgz#5ae64a5f45057baf3626ec14da0ca5e4b2431eb0"
    integrity sha512-+uw1inIHVPQoaVuHzRyXd21icM+cnt4CzD5rW+NC1wjOUSTOs+Te7FOv7AhN7vS9x/oIyhLP5PR1H+phQAHu5Q==
    dependencies:
      once "^1.4.0"
  
  es5-ext@^0.10.35, es5-ext@^0.10.50:
    version "0.10.62"
    resolved "https://registry.yarnpkg.com/es5-ext/-/es5-ext-0.10.62.tgz#5e6adc19a6da524bf3d1e02bbc8960e5eb49a9a5"
    integrity sha512-BHLqn0klhEpnOKSrzn/Xsz2UIW8j+cGmo9JLzr8BiUapV8hPL9+FliFqjwr9ngW7jWdnxv6eO+/LqyhJVqgrjA==
    dependencies:
      es6-iterator "^2.0.3"
      es6-symbol "^3.1.3"
      next-tick "^1.1.0"
  
  es6-iterator@^2.0.3:
    version "2.0.3"
    resolved "https://registry.yarnpkg.com/es6-iterator/-/es6-iterator-2.0.3.tgz#a7de889141a05a94b0854403b2d0a0fbfa98f3b7"
    integrity sha512-zw4SRzoUkd+cl+ZoE15A9o1oQd920Bb0iOJMQkQhl3jNc03YqVjAhG7scf9C5KWRU/R13Orf588uCC6525o02g==
    dependencies:
      d "1"
      es5-ext "^0.10.35"
      es6-symbol "^3.1.1"
  
  es6-symbol@^3.1.1, es6-symbol@^3.1.3:
    version "3.1.3"
    resolved "https://registry.yarnpkg.com/es6-symbol/-/es6-symbol-3.1.3.tgz#bad5d3c1bcdac28269f4cb331e431c78ac705d18"
    integrity sha512-NJ6Yn3FuDinBaBRWl/q5X/s4koRHBrgKAu+yGI6JCBeiu3qrcbJhwT2GeR/EXVfylRk8dpQVJoLEFhK+Mu31NA==
    dependencies:
      d "^1.0.1"
      ext "^1.1.2"
  
  escape-string-regexp@^1.0.5:
    version "1.0.5"
    resolved "https://registry.yarnpkg.com/escape-string-regexp/-/escape-string-regexp-1.0.5.tgz#1b61c0562190a8dff6ae3bb2cf0200ca130b86d4"
    integrity sha512-vbRorB5FUQWvla16U8R/qgaFIya2qGzwDrNmCZuYKrbdSUMG6I1ZCGQRefkRVhuOkIGVne7BQ35DSfo1qvJqFg==
  
  eventemitter3@^4.0.7:
    version "4.0.7"
    resolved "https://registry.yarnpkg.com/eventemitter3/-/eventemitter3-4.0.7.tgz#2de9b68f6528d5644ef5c59526a1b4a07306169f"
    integrity sha512-8guHBZCwKnFhYdHr2ysuRWErTwhoN2X8XELRlrRwpmfeY2jjuUN4taQMsULKUVo1K4DvZl+0pgfyoysHxvmvEw==
  
  ext@^1.1.2:
    version "1.7.0"
    resolved "https://registry.yarnpkg.com/ext/-/ext-1.7.0.tgz#0ea4383c0103d60e70be99e9a7f11027a33c4f5f"
    integrity sha512-6hxeJYaL110a9b5TEJSj0gojyHQAmA2ch5Os+ySCiA1QGdS697XWY1pzsrSjqA9LDEEgdB/KypIlR59RcLuHYw==
    dependencies:
      type "^2.7.2"
  
  fast-redact@^3.0.0:
    version "3.1.2"
    resolved "https://registry.yarnpkg.com/fast-redact/-/fast-redact-3.1.2.tgz#d58e69e9084ce9fa4c1a6fa98a3e1ecf5d7839aa"
    integrity sha512-+0em+Iya9fKGfEQGcd62Yv6onjBmmhV1uh86XVfOU8VwAe6kaFdQCWI9s0/Nnugx5Vd9tdbZ7e6gE2tR9dzXdw==
  
  fast-safe-stringify@^2.0.7, fast-safe-stringify@^2.0.8:
    version "2.1.1"
    resolved "https://registry.yarnpkg.com/fast-safe-stringify/-/fast-safe-stringify-2.1.1.tgz#c406a83b6e70d9e35ce3b30a81141df30aeba884"
    integrity sha512-W+KJc2dmILlPplD/H4K9l9LcAHAfPtP6BY84uVLXQ6Evcz9Lcg33Y2z1IVblT6xdY54PXYVHEv+0Wpq8Io6zkA==
  
  fetch-blob@^3.1.2, fetch-blob@^3.1.4:
    version "3.2.0"
    resolved "https://registry.yarnpkg.com/fetch-blob/-/fetch-blob-3.2.0.tgz#f09b8d4bbd45adc6f0c20b7e787e793e309dcce9"
    integrity sha512-7yAQpD2UMJzLi1Dqv7qFYnPbaPx7ZfFK6PiIxQ4PfkGPyNyl2Ugx+a/umUonmKqjhM4DnfbMvdX6otXq83soQQ==
    dependencies:
      node-domexception "^1.0.0"
      web-streams-polyfill "^3.0.3"
  
  filter-obj@^1.1.0:
    version "1.1.0"
    resolved "https://registry.yarnpkg.com/filter-obj/-/filter-obj-1.1.0.tgz#9b311112bc6c6127a16e016c6c5d7f19e0805c5b"
    integrity sha512-8rXg1ZnX7xzy2NGDVkBVaAy+lSlPNwad13BtgSlLuxfIslyt5Vg64U7tFcCt4WS1R0hvtnQybT/IyCkGZ3DpXQ==
  
  find-up@^3.0.0:
    version "3.0.0"
    resolved "https://registry.yarnpkg.com/find-up/-/find-up-3.0.0.tgz#49169f1d7993430646da61ecc5ae355c21c97b73"
    integrity sha512-1yD6RmLI1XBfxugvORwlck6f75tYL+iR0jqwsOrOxMZyGYqUuDhJ0l4AXdO1iX/FTs9cBAMEk1gWSEx1kSbylg==
    dependencies:
      locate-path "^3.0.0"
  
  flatstr@^1.0.12:
    version "1.0.12"
    resolved "https://registry.yarnpkg.com/flatstr/-/flatstr-1.0.12.tgz#c2ba6a08173edbb6c9640e3055b95e287ceb5931"
    integrity sha512-4zPxDyhCyiN2wIAtSLI6gc82/EjqZc1onI4Mz/l0pWrAlsSfYH/2ZIcU+e3oA2wDwbzIWNKwa23F8rh6+DRWkw==
  
  form-data@^3.0.0:
    version "3.0.1"
    resolved "https://registry.yarnpkg.com/form-data/-/form-data-3.0.1.tgz#ebd53791b78356a99af9a300d4282c4d5eb9755f"
    integrity sha512-RHkBKtLWUVwd7SqRIvCZMEvAMoGUp0XU+seQiZejj0COz3RI3hWP4sCv3gZWWLjJTd7rGwcsF5eKZGii0r/hbg==
    dependencies:
      asynckit "^0.4.0"
      combined-stream "^1.0.8"
      mime-types "^2.1.12"
  
  formdata-polyfill@^4.0.10:
    version "4.0.10"
    resolved "https://registry.yarnpkg.com/formdata-polyfill/-/formdata-polyfill-4.0.10.tgz#24807c31c9d402e002ab3d8c720144ceb8848423"
    integrity sha512-buewHzMvYL29jdeQTVILecSaZKnt/RJWjoZCF5OW60Z67/GmSLBkOFM7qh1PI3zFNtJbaZL5eQu1vLfazOwj4g==
    dependencies:
      fetch-blob "^3.1.2"
  
  get-caller-file@^2.0.1:
    version "2.0.5"
    resolved "https://registry.yarnpkg.com/get-caller-file/-/get-caller-file-2.0.5.tgz#4f94412a82db32f36e3b0b9741f8a97feb031f7e"
    integrity sha512-DyFP3BM/3YHTQOCUL/w0OZHR0lpKeGrxotcHWcqNEdnltqFwXVfhEBQ94eIo34AfQpo0rGki4cyIiftY06h2Fg==
  
  has-flag@^3.0.0:
    version "3.0.0"
    resolved "https://registry.yarnpkg.com/has-flag/-/has-flag-3.0.0.tgz#b5d454dc2199ae225699f3467e5a07f3b955bafd"
    integrity sha512-sKJf1+ceQBr4SMkvQnBDNDtf4TXpVhVGateu0t918bl30FnbE2m4vNLX+VWe/dpjlb+HugGYzW7uQXH98HPEYw==
  
  has-flag@^4.0.0:
    version "4.0.0"
    resolved "https://registry.yarnpkg.com/has-flag/-/has-flag-4.0.0.tgz#944771fd9c81c81265c4d6941860da06bb59479b"
    integrity sha512-EykJT/Q1KjTWctppgIAgfSO0tKVuZUjhgMr17kqTumMl6Afv3EISleU7qZUzoXDFTAHTDC4NOoG/ZxU3EvlMPQ==
  
  ieee754@^1.1.13:
    version "1.2.1"
    resolved "https://registry.yarnpkg.com/ieee754/-/ieee754-1.2.1.tgz#8eb7a10a63fff25d15a57b001586d177d1b0d352"
    integrity sha512-dcyqhDvX1C46lXZcVqCpK+FtMRQVdIMN6/Df5js2zouUsqG7I6sFxitIC+7KYK29KdXOLHdu9zL4sFnoVQnqaA==
  
  inherits@^2.0.3:
    version "2.0.4"
    resolved "https://registry.yarnpkg.com/inherits/-/inherits-2.0.4.tgz#0fa2c64f932917c3433a0ded55363aae37416b7c"
    integrity sha512-k/vGaX4/Yla3WzyMCvTQOXYeIHvqOKtnqBduzTHpzpQZzAskKMhZ2K+EnBiSM9zGSoIFeMpXKxa4dYeZIQqewQ==
  
  is-fullwidth-code-point@^2.0.0:
    version "2.0.0"
    resolved "https://registry.yarnpkg.com/is-fullwidth-code-point/-/is-fullwidth-code-point-2.0.0.tgz#a3b30a5c4f199183167aaab93beefae3ddfb654f"
    integrity sha512-VHskAKYM8RfSFXwee5t5cbN5PZeq1Wrh6qd5bkyiXIf6UQcN6w/A0eXM9r6t8d+GYOh+o6ZhiEnb88LN/Y8m2w==
  
  is-typedarray@^1.0.0:
    version "1.0.0"
    resolved "https://registry.yarnpkg.com/is-typedarray/-/is-typedarray-1.0.0.tgz#e479c80858df0c1b11ddda6940f96011fcda4a9a"
    integrity sha512-cyA56iCMHAh5CdzjJIa4aohJyeO1YbwLi3Jc35MmRU6poroFjIGZzUzupGiRPOjgHg9TLu43xbpwXk523fMxKA==
  
  isarray@^2.0.1:
    version "2.0.5"
    resolved "https://registry.yarnpkg.com/isarray/-/isarray-2.0.5.tgz#8af1e4c1221244cc62459faf38940d4e644a5723"
    integrity sha512-xHjhDr3cNBK0BzdUJSPXZntQUx/mwMS5Rw4A7lPJ90XGAO6ISP/ePDNuo0vhqOZU+UD5JoodwCAAoZQd3FeAKw==
  
  jmespath@^0.15.0:
    version "0.15.0"
    resolved "https://registry.yarnpkg.com/jmespath/-/jmespath-0.15.0.tgz#a3f222a9aae9f966f5d27c796510e28091764217"
    integrity sha512-+kHj8HXArPfpPEKGLZ+kB5ONRTCiGQXo8RQYL0hH8t6pWXUBBK5KkkQmTNOwKK4LEsd0yTsgtjJVm4UBSZea4w==
  
  joycon@^2.2.5:
    version "2.2.5"
    resolved "https://registry.yarnpkg.com/joycon/-/joycon-2.2.5.tgz#8d4cf4cbb2544d7b7583c216fcdfec19f6be1615"
    integrity sha512-YqvUxoOcVPnCp0VU1/56f+iKSdvIRJYPznH22BdXV3xMk75SFXhWeJkZ8C9XxUWt1b5x2X1SxuFygW1U0FmkEQ==
  
  "js-tokens@^3.0.0 || ^4.0.0":
    version "4.0.0"
    resolved "https://registry.yarnpkg.com/js-tokens/-/js-tokens-4.0.0.tgz#19203fb59991df98e3a287050d4647cdeaf32499"
    integrity sha512-RdJUflcE3cUzKiMqQgsCu06FPu9UdIJO0beYbPhHN4k6apgJtifcoCtT9bcxOpYBtpD2kCM6Sbzg4CausW/PKQ==
  
  json-stringify-safe@^5.0.1:
    version "5.0.1"
    resolved "https://registry.yarnpkg.com/json-stringify-safe/-/json-stringify-safe-5.0.1.tgz#1296a2d58fd45f19a0f6ce01d65701e2c735b6eb"
    integrity sha512-ZClg6AaYvamvYEE82d3Iyd3vSSIjQ+odgjaTzRuO3s7toCdFKczob2i0zCh7JE8kWn17yvAWhUVxvqGwUalsRA==
  
  keyvaluestorage-interface@^1.0.0:
    version "1.0.0"
    resolved "https://registry.yarnpkg.com/keyvaluestorage-interface/-/keyvaluestorage-interface-1.0.0.tgz#13ebdf71f5284ad54be94bd1ad9ed79adad515ff"
    integrity sha512-8t6Q3TclQ4uZynJY9IGr2+SsIGwK9JHcO6ootkHCGA0CrQCRy+VkouYNO2xicET6b9al7QKzpebNow+gkpCL8g==
  
  leven@2.1.0:
    version "2.1.0"
    resolved "https://registry.yarnpkg.com/leven/-/leven-2.1.0.tgz#c2e7a9f772094dee9d34202ae8acce4687875580"
    integrity sha512-nvVPLpIHUxCUoRLrFqTgSxXJ614d8AgQoWl7zPe/2VadE8+1dpU3LBhowRuBAcuwruWtOdD8oYC9jDNJjXDPyA==
  
  localStorage@^1.0.4:
    version "1.0.4"
    resolved "https://registry.yarnpkg.com/localStorage/-/localStorage-1.0.4.tgz#57dfa28084385f81431accb8ae24b196398223f7"
    integrity sha512-r35zrihcDiX+dqWlJSeIwS9nrF95OQTgqMFm3FB2D/+XgdmZtcutZOb7t0xXkhOEM8a9kpuu7cc28g1g36I5DQ==
  
  locate-path@^3.0.0:
    version "3.0.0"
    resolved "https://registry.yarnpkg.com/locate-path/-/locate-path-3.0.0.tgz#dbec3b3ab759758071b58fe59fc41871af21400e"
    integrity sha512-7AO748wWnIhNqAuaty2ZWHkQHRSNfPVIsPIfwEOWO22AmaoVrWavlOcMR5nzTLNYvp36X220/maaRsrec1G65A==
    dependencies:
      p-locate "^3.0.0"
      path-exists "^3.0.0"
  
  lodash.isequal@4.5.0:
    version "4.5.0"
    resolved "https://registry.yarnpkg.com/lodash.isequal/-/lodash.isequal-4.5.0.tgz#415c4478f2bcc30120c22ce10ed3226f7d3e18e0"
    integrity sha512-pDo3lu8Jhfjqls6GkMgpahsF9kCyayhgykjyLMNFTKWrpVdAQtYyB4muAMWozBB4ig/dtWAmsMxLEI8wuz+DYQ==
  
  lodash@^4.17.21:
    version "4.17.21"
    resolved "https://registry.yarnpkg.com/lodash/-/lodash-4.17.21.tgz#679591c564c3bffaae8454cf0b3df370c3d6911c"
    integrity sha512-v2kDEe57lecTulaDIuNTPy3Ry4gLGJ6Z1O3vE1krgXZNrsQ+LFTGHVxVjcXPs17LhbZVGedAJv8XZ1tvj5FvSg==
  
  loose-envify@^1.1.0:
    version "1.4.0"
    resolved "https://registry.yarnpkg.com/loose-envify/-/loose-envify-1.4.0.tgz#71ee51fa7be4caec1a63839f7e682d8132d30caf"
    integrity sha512-lyuxPGr/Wfhrlem2CL/UcnUc1zcqKAImBDzukY7Y5F/yQiNdko6+fRLevlw1HgMySw7f611UIY408EtxRSoK3Q==
    dependencies:
      js-tokens "^3.0.0 || ^4.0.0"
  
  mime-db@1.52.0:
    version "1.52.0"
    resolved "https://registry.yarnpkg.com/mime-db/-/mime-db-1.52.0.tgz#bbabcdc02859f4987301c856e3387ce5ec43bf70"
    integrity sha512-sPU4uV7dYlvtWJxwwxHD0PuihVNiE7TyAbQ5SWxDCB9mUYvOgroQOwYQQOKPJ8CIbE+1ETVlOoK1UC2nU3gYvg==
  
  mime-types@^2.1.12:
    version "2.1.35"
    resolved "https://registry.yarnpkg.com/mime-types/-/mime-types-2.1.35.tgz#381a871b62a734450660ae3deee44813f70d959a"
    integrity sha512-ZDY+bPm5zTTF+YpCrAU9nK0UgICYPT0QtT1NZWFv4s++TNkcgVaT0g6+4R2uI4MjQjzysHB1zxuWL50hzaeXiw==
    dependencies:
      mime-db "1.52.0"
  
  mock-socket@^9.1.5:
    version "9.1.5"
    resolved "https://registry.yarnpkg.com/mock-socket/-/mock-socket-9.1.5.tgz#2c4e44922ad556843b6dfe09d14ed8041fa2cdeb"
    integrity sha512-3DeNIcsQixWHHKk6NdoBhWI4t1VMj5/HzfnI1rE/pLl5qKx7+gd4DNA07ehTaZ6MoUU053si6Hd+YtiM/tQZfg==
  
  mri@1.1.4:
    version "1.1.4"
    resolved "https://registry.yarnpkg.com/mri/-/mri-1.1.4.tgz#7cb1dd1b9b40905f1fac053abe25b6720f44744a"
    integrity sha512-6y7IjGPm8AzlvoUrwAaw1tLnUBudaS3752vcd8JtrpGGQn+rXIe63LFVHm/YMwtqAuh+LJPCFdlLYPWM1nYn6w==
  
  ms@2.0.0:
    version "2.0.0"
    resolved "https://registry.yarnpkg.com/ms/-/ms-2.0.0.tgz#5608aeadfc00be6c2901df5f9861788de0d597c8"
    integrity sha512-Tpp60P6IUJDTuOq/5Z8cdskzJujfwqfOTkrwIwj7IRISpnkJnT6SyJ4PCPnGMoFjC9ddhal5KVIYtAt97ix05A==
  
  ms@2.1.2:
    version "2.1.2"
    resolved "https://registry.yarnpkg.com/ms/-/ms-2.1.2.tgz#d09d1f357b443f493382a8eb3ccd183872ae6009"
    integrity sha512-sGkPx+VjMtmA6MX27oA4FBFELFCZZ4S4XqeGOXCv68tT+jb3vk/RyaKWP0PTKyWtmLSM0b+adUTEvbs1PEaH2w==
  
  multiformats@^9.4.2:
    version "9.9.0"
    resolved "https://registry.yarnpkg.com/multiformats/-/multiformats-9.9.0.tgz#c68354e7d21037a8f1f8833c8ccd68618e8f1d37"
    integrity sha512-HoMUjhH9T8DDBNT+6xzkrd9ga/XiBI4xLr58LJACwK6G3HTOPeMz4nB4KJs33L2BelrIJa7P0VuNaVF3hMYfjg==
  
  next-tick@^1.1.0:
    version "1.1.0"
    resolved "https://registry.yarnpkg.com/next-tick/-/next-tick-1.1.0.tgz#1836ee30ad56d67ef281b22bd199f709449b35eb"
    integrity sha512-CXdUiJembsNjuToQvxayPZF9Vqht7hewsvy2sOWafLvi2awflj9mOC6bHIg50orX8IJvWKY9wYQ/zB2kogPslQ==
  
  nock@^13.2.9:
    version "13.2.9"
    resolved "https://registry.yarnpkg.com/nock/-/nock-13.2.9.tgz#4faf6c28175d36044da4cfa68e33e5a15086ad4c"
    integrity sha512-1+XfJNYF1cjGB+TKMWi29eZ0b82QOvQs2YoLNzbpWGqFMtRQHTa57osqdGj4FrFPgkO4D4AZinzUJR9VvW3QUA==
    dependencies:
      debug "^4.1.0"
      json-stringify-safe "^5.0.1"
      lodash "^4.17.21"
      propagate "^2.0.0"
  
  node-domexception@^1.0.0:
    version "1.0.0"
    resolved "https://registry.yarnpkg.com/node-domexception/-/node-domexception-1.0.0.tgz#6888db46a1f71c0b76b3f7555016b63fe64766e5"
    integrity sha512-/jKZoMpw0F8GRwl4/eLROPA3cfcXtLApP0QzLmUT/HuPCZWyB7IY9ZrMeKw2O/nFIqPQB3PVM9aYm0F312AXDQ==
  
  node-fetch@^3.2.10:
    version "3.2.10"
    resolved "https://registry.yarnpkg.com/node-fetch/-/node-fetch-3.2.10.tgz#e8347f94b54ae18b57c9c049ef641cef398a85c8"
    integrity sha512-MhuzNwdURnZ1Cp4XTazr69K0BTizsBroX7Zx3UgDSVcZYKF/6p0CBe4EUb/hLqmzVhl0UpYfgRljQ4yxE+iCxA==
    dependencies:
      data-uri-to-buffer "^4.0.0"
      fetch-blob "^3.1.4"
      formdata-polyfill "^4.0.10"
  
  node-gyp-build@^4.3.0:
    version "4.5.0"
    resolved "https://registry.yarnpkg.com/node-gyp-build/-/node-gyp-build-4.5.0.tgz#7a64eefa0b21112f89f58379da128ac177f20e40"
    integrity sha512-2iGbaQBV+ITgCz76ZEjmhUKAKVf7xfY1sRl4UiKQspfZMH2h06SyhNsnSVy50cwkFQDGLyif6m/6uFXHkOZ6rg==
  
  once@^1.3.1, once@^1.4.0:
    version "1.4.0"
    resolved "https://registry.yarnpkg.com/once/-/once-1.4.0.tgz#583b1aa775961d4b113ac17d9c50baef9dd76bd1"
    integrity sha512-lNaJgI+2Q5URQBkccEKHTQOPaXdUxnZZElQTZY0MFUAuaEqe1E+Nyvgdz/aIyNi6Z9MzO5dv1H8n58/GELp3+w==
    dependencies:
      wrappy "1"
  
  p-limit@^2.0.0:
    version "2.3.0"
    resolved "https://registry.yarnpkg.com/p-limit/-/p-limit-2.3.0.tgz#3dd33c647a214fdfffd835933eb086da0dc21db1"
    integrity sha512-//88mFWSJx8lxCzwdAABTJL2MyWB12+eIY7MDL2SqLmAkeKU9qxRvWuSyTjm3FUmpBEMuFfckAIqEaVGUDxb6w==
    dependencies:
      p-try "^2.0.0"
  
  p-locate@^3.0.0:
    version "3.0.0"
    resolved "https://registry.yarnpkg.com/p-locate/-/p-locate-3.0.0.tgz#322d69a05c0264b25997d9f40cd8a891ab0064a4"
    integrity sha512-x+12w/To+4GFfgJhBEpiDcLozRJGegY+Ei7/z0tSLkMmxGZNybVMSfWj9aJn8Z5Fc7dBUNJOOVgPv2H7IwulSQ==
    dependencies:
      p-limit "^2.0.0"
  
  p-try@^2.0.0:
    version "2.2.0"
    resolved "https://registry.yarnpkg.com/p-try/-/p-try-2.2.0.tgz#cb2868540e313d61de58fafbe35ce9004d5540e6"
    integrity sha512-R4nPAVTAU0B9D35/Gk3uJf/7XYbQcyohSKdvAxIRSNghFl4e71hVoGnBNQz9cWaXxO2I10KTC+3jMdvvoKw6dQ==
  
  pako@^2.0.4:
    version "2.0.4"
    resolved "https://registry.yarnpkg.com/pako/-/pako-2.0.4.tgz#6cebc4bbb0b6c73b0d5b8d7e8476e2b2fbea576d"
    integrity sha512-v8tweI900AUkZN6heMU/4Uy4cXRc2AYNRggVmTR+dEncawDJgCdLMximOVA2p4qO57WMynangsfGRb5WD6L1Bg==
  
  path-exists@^3.0.0:
    version "3.0.0"
    resolved "https://registry.yarnpkg.com/path-exists/-/path-exists-3.0.0.tgz#ce0ebeaa5f78cb18925ea7d810d7b59b010fd515"
    integrity sha512-bpC7GYwiDYQ4wYLe+FA8lhRjhQCMcQGuSgGGqDkg/QerRWw9CmGRT0iSOVRSZJ29NMLZgIzqaljJ63oaL4NIJQ==
  
  pino-pretty@4.3.0:
    version "4.3.0"
    resolved "https://registry.yarnpkg.com/pino-pretty/-/pino-pretty-4.3.0.tgz#18695606fd4f1e21cd1585d18999cd84d429e1d8"
    integrity sha512-uEc9SUCCGVEs0goZvyznKXBHtI1PNjGgqHviJHxOCEFEWZN6Z/IQKv5pO9gSdm/b+WfX+/dfheWhtZUyScqjlQ==
    dependencies:
      "@hapi/bourne" "^2.0.0"
      args "^5.0.1"
      chalk "^4.0.0"
      dateformat "^3.0.3"
      fast-safe-stringify "^2.0.7"
      jmespath "^0.15.0"
      joycon "^2.2.5"
      pump "^3.0.0"
      readable-stream "^3.6.0"
      split2 "^3.1.1"
      strip-json-comments "^3.1.1"
  
  pino-std-serializers@^2.4.2:
    version "2.5.0"
    resolved "https://registry.yarnpkg.com/pino-std-serializers/-/pino-std-serializers-2.5.0.tgz#40ead781c65a0ce7ecd9c1c33f409d31fe712315"
    integrity sha512-wXqbqSrIhE58TdrxxlfLwU9eDhrzppQDvGhBEr1gYbzzM4KKo3Y63gSjiDXRKLVS2UOXdPNR2v+KnQgNrs+xUg==
  
  pino-std-serializers@^3.1.0:
    version "3.2.0"
    resolved "https://registry.yarnpkg.com/pino-std-serializers/-/pino-std-serializers-3.2.0.tgz#b56487c402d882eb96cd67c257868016b61ad671"
    integrity sha512-EqX4pwDPrt3MuOAAUBMU0Tk5kR/YcCM5fNPEzgCO2zJ5HfX0vbiH9HbJglnyeQsN96Kznae6MWD47pZB5avTrg==
  
  pino@6.7.0:
    version "6.7.0"
    resolved "https://registry.yarnpkg.com/pino/-/pino-6.7.0.tgz#d5d96b7004fed78816b5694fda3eab02b5ca6d23"
    integrity sha512-vPXJ4P9rWCwzlTJt+f0Ni4THc3DWyt8iDDCO4edQ8narTu6hnpzdXu8FqeSJCGndl1W6lfbYQUQihUO54y66Lw==
    dependencies:
      fast-redact "^3.0.0"
      fast-safe-stringify "^2.0.7"
      flatstr "^1.0.12"
      pino-std-serializers "^2.4.2"
      quick-format-unescaped "^4.0.1"
      sonic-boom "^1.0.2"
  
  pino@^6.7.0:
    version "6.14.0"
    resolved "https://registry.yarnpkg.com/pino/-/pino-6.14.0.tgz#b745ea87a99a6c4c9b374e4f29ca7910d4c69f78"
    integrity sha512-iuhEDel3Z3hF9Jfe44DPXR8l07bhjuFY3GMHIXbjnY9XcafbyDDwl2sN2vw2GjMPf5Nkoe+OFao7ffn9SXaKDg==
    dependencies:
      fast-redact "^3.0.0"
      fast-safe-stringify "^2.0.8"
      flatstr "^1.0.12"
      pino-std-serializers "^3.1.0"
      process-warning "^1.0.0"
      quick-format-unescaped "^4.0.3"
      sonic-boom "^1.0.2"
  
  pngjs@^3.3.0:
    version "3.4.0"
    resolved "https://registry.yarnpkg.com/pngjs/-/pngjs-3.4.0.tgz#99ca7d725965fb655814eaf65f38f12bbdbf555f"
    integrity sha512-NCrCHhWmnQklfH4MtJMRjZ2a8c80qXeMlQMv2uVp9ISJMTt562SbGd6n2oq0PaPgKm7Z6pL9E2UlLIhC+SHL3w==
  
  preact@10.4.1:
    version "10.4.1"
    resolved "https://registry.yarnpkg.com/preact/-/preact-10.4.1.tgz#9b3ba020547673a231c6cf16f0fbaef0e8863431"
    integrity sha512-WKrRpCSwL2t3tpOOGhf2WfTpcmbpxaWtDbdJdKdjd0aEiTkvOmS4NBkG6kzlaAHI9AkQ3iVqbFWM3Ei7mZ4o1Q==
  
  prettier@^2.7.1:
    version "2.7.1"
    resolved "https://registry.yarnpkg.com/prettier/-/prettier-2.7.1.tgz#e235806850d057f97bb08368a4f7d899f7760c64"
    integrity sha512-ujppO+MkdPqoVINuDFDRLClm7D78qbDt0/NR+wp5FqEZOoTNAjPHWj17QRhu7geIHJfcNhRk1XVQmF8Bp3ye+g==
  
  process-warning@^1.0.0:
    version "1.0.0"
    resolved "https://registry.yarnpkg.com/process-warning/-/process-warning-1.0.0.tgz#980a0b25dc38cd6034181be4b7726d89066b4616"
    integrity sha512-du4wfLyj4yCZq1VupnVSZmRsPJsNuxoDQFdCFHLaYiEbFBD7QE0a+I4D7hOxrVnh78QE/YipFAj9lXHiXocV+Q==
  
  propagate@^2.0.0:
    version "2.0.1"
    resolved "https://registry.yarnpkg.com/propagate/-/propagate-2.0.1.tgz#40cdedab18085c792334e64f0ac17256d38f9a45"
    integrity sha512-vGrhOavPSTz4QVNuBNdcNXePNdNMaO1xj9yBeH1ScQPjk/rhg9sSlCXPhMkFuaNNW/syTvYqsnbIJxMBfRbbag==
  
  pump@^3.0.0:
    version "3.0.0"
    resolved "https://registry.yarnpkg.com/pump/-/pump-3.0.0.tgz#b4a2116815bde2f4e1ea602354e8c75565107a64"
    integrity sha512-LwZy+p3SFs1Pytd/jYct4wpv49HiYCqd9Rlc5ZVdk0V+8Yzv6jR5Blk3TRmPL1ft69TxP0IMZGJ+WPFU2BFhww==
    dependencies:
      end-of-stream "^1.1.0"
      once "^1.3.1"
  
  qrcode@1.4.4:
    version "1.4.4"
    resolved "https://registry.yarnpkg.com/qrcode/-/qrcode-1.4.4.tgz#f0c43568a7e7510a55efc3b88d9602f71963ea83"
    integrity sha512-oLzEC5+NKFou9P0bMj5+v6Z40evexeE29Z9cummZXZ9QXyMr3lphkURzxjXgPJC5azpxcshoDWV1xE46z+/c3Q==
    dependencies:
      buffer "^5.4.3"
      buffer-alloc "^1.2.0"
      buffer-from "^1.1.1"
      dijkstrajs "^1.0.1"
      isarray "^2.0.1"
      pngjs "^3.3.0"
      yargs "^13.2.4"
  
  query-string@7.1.1:
    version "7.1.1"
    resolved "https://registry.yarnpkg.com/query-string/-/query-string-7.1.1.tgz#754620669db978625a90f635f12617c271a088e1"
    integrity sha512-MplouLRDHBZSG9z7fpuAAcI7aAYjDLhtsiVZsevsfaHWDS2IDdORKbSd1kWUA+V4zyva/HZoSfpwnYMMQDhb0w==
    dependencies:
      decode-uri-component "^0.2.0"
      filter-obj "^1.1.0"
      split-on-first "^1.0.0"
      strict-uri-encode "^2.0.0"
  
  quick-format-unescaped@^4.0.1, quick-format-unescaped@^4.0.3:
    version "4.0.4"
    resolved "https://registry.yarnpkg.com/quick-format-unescaped/-/quick-format-unescaped-4.0.4.tgz#93ef6dd8d3453cbc7970dd614fad4c5954d6b5a7"
    integrity sha512-tYC1Q1hgyRuHgloV/YXs2w15unPVh8qfu/qCTfhTYamaw7fyhumKa2yGpdSo87vY32rIclj+4fWYQXUMs9EHvg==
  
  react-dom@^18.2.0:
    version "18.2.0"
    resolved "https://registry.yarnpkg.com/react-dom/-/react-dom-18.2.0.tgz#22aaf38708db2674ed9ada224ca4aa708d821e3d"
    integrity sha512-6IMTriUmvsjHUjNtEDudZfuDQUoWXVxKHhlEGSk81n4YFS+r/Kl99wXiwlVXtPBtJenozv2P+hxDsw9eA7Xo6g==
    dependencies:
      loose-envify "^1.1.0"
      scheduler "^0.23.0"
  
  react@^18.2.0:
    version "18.2.0"
    resolved "https://registry.yarnpkg.com/react/-/react-18.2.0.tgz#555bd98592883255fa00de14f1151a917b5d77d5"
    integrity sha512-/3IjMdb2L9QbBdWiW5e3P2/npwMBaU9mHCSCUzNln0ZCYbcfTsGbTJrU/kGemdH2IWmB2ioZ+zkxtmq6g09fGQ==
    dependencies:
      loose-envify "^1.1.0"
  
  readable-stream@^3.0.0, readable-stream@^3.6.0:
    version "3.6.0"
    resolved "https://registry.yarnpkg.com/readable-stream/-/readable-stream-3.6.0.tgz#337bbda3adc0706bd3e024426a286d4b4b2c9198"
    integrity sha512-BViHy7LKeTz4oNnkcLJ+lVSL6vpiFeX6/d3oSH8zCW7UxP2onchk+vTGB143xuFjHS3deTgkKoXXymXqymiIdA==
    dependencies:
      inherits "^2.0.3"
      string_decoder "^1.1.1"
      util-deprecate "^1.0.1"
  
  regenerator-runtime@^0.13.4:
    version "0.13.9"
    resolved "https://registry.yarnpkg.com/regenerator-runtime/-/regenerator-runtime-0.13.9.tgz#8925742a98ffd90814988d7566ad30ca3b263b52"
    integrity sha512-p3VT+cOEgxFsRRA9X4lkI1E+k2/CtnKtU4gcxyaCUreilL/vqI6CdZ3wxVUx3UOUg+gnUOQQcRI7BmSI656MYA==
  
  require-directory@^2.1.1:
    version "2.1.1"
    resolved "https://registry.yarnpkg.com/require-directory/-/require-directory-2.1.1.tgz#8c64ad5fd30dab1c976e2344ffe7f792a6a6df42"
    integrity sha512-fGxEI7+wsG9xrvdjsrlmL22OMTTiHRwAMroiEeMgq8gzoLC/PQr7RsRDSTLUg/bZAZtF+TVIkHc6/4RIKrui+Q==
  
  require-main-filename@^2.0.0:
    version "2.0.0"
    resolved "https://registry.yarnpkg.com/require-main-filename/-/require-main-filename-2.0.0.tgz#d0b329ecc7cc0f61649f62215be69af54aa8989b"
    integrity sha512-NKN5kMDylKuldxYLSUfrbo5Tuzh4hd+2E8NPPX02mZtn1VuREQToYe/ZdlJy+J3uCpfaiGF05e7B8W0iXbQHmg==
  
  rxjs@^7.5.7:
    version "7.5.7"
    resolved "https://registry.yarnpkg.com/rxjs/-/rxjs-7.5.7.tgz#2ec0d57fdc89ece220d2e702730ae8f1e49def39"
    integrity sha512-z9MzKh/UcOqB3i20H6rtrlaE/CgjLOvheWK/9ILrbhROGTweAi1BaFsTT9FbwZi5Trr1qNRs+MXkhmR06awzQA==
    dependencies:
      tslib "^2.1.0"
  
  safe-buffer@~5.2.0:
    version "5.2.1"
    resolved "https://registry.yarnpkg.com/safe-buffer/-/safe-buffer-5.2.1.tgz#1eaf9fa9bdb1fdd4ec75f58f9cdb4e6b7827eec6"
    integrity sha512-rp3So07KcdmmKbGvgaNxQSJr7bGVSVk5S9Eq1F+ppbRo70+YeaDxkw5Dd8NPN+GD6bjnYm2VuPuCXmpuYvmCXQ==
  
  safe-json-utils@^1.1.1:
    version "1.1.1"
    resolved "https://registry.yarnpkg.com/safe-json-utils/-/safe-json-utils-1.1.1.tgz#0e883874467d95ab914c3f511096b89bfb3e63b1"
    integrity sha512-SAJWGKDs50tAbiDXLf89PDwt9XYkWyANFWVzn4dTXl5QyI8t2o/bW5/OJl3lvc2WVU4MEpTo9Yz5NVFNsp+OJQ==
  
  scheduler@^0.23.0:
    version "0.23.0"
    resolved "https://registry.yarnpkg.com/scheduler/-/scheduler-0.23.0.tgz#ba8041afc3d30eb206a487b6b384002e4e61fdfe"
    integrity sha512-CtuThmgHNg7zIZWAXi3AsyIzA3n4xx7aNyjwC2VJldO2LMVDhFK+63xGqq6CsJH4rTAt6/M+N4GhZiDYPx9eUw==
    dependencies:
      loose-envify "^1.1.0"
  
  set-blocking@^2.0.0:
    version "2.0.0"
    resolved "https://registry.yarnpkg.com/set-blocking/-/set-blocking-2.0.0.tgz#045f9782d011ae9a6803ddd382b24392b3d890f7"
    integrity sha512-KiKBS8AnWGEyLzofFfmvKwpdPzqiy16LvQfK3yv/fVH7Bj13/wl3JSR1J+rfgRE9q7xUJK4qvgS8raSOeLUehw==
  
  sonic-boom@^1.0.2:
    version "1.4.1"
    resolved "https://registry.yarnpkg.com/sonic-boom/-/sonic-boom-1.4.1.tgz#d35d6a74076624f12e6f917ade7b9d75e918f53e"
    integrity sha512-LRHh/A8tpW7ru89lrlkU4AszXt1dbwSjVWguGrmlxE7tawVmDBlI1PILMkXAxJTwqhgsEeTHzj36D5CmHgQmNg==
    dependencies:
      atomic-sleep "^1.0.0"
      flatstr "^1.0.12"
  
  split-on-first@^1.0.0:
    version "1.1.0"
    resolved "https://registry.yarnpkg.com/split-on-first/-/split-on-first-1.1.0.tgz#f610afeee3b12bce1d0c30425e76398b78249a5f"
    integrity sha512-43ZssAJaMusuKWL8sKUBQXHWOpq8d6CfN/u1p4gUzfJkM05C8rxTmYrkIPTXapZpORA6LkkzcUulJ8FqA7Uudw==
  
  split2@^3.1.1:
    version "3.2.2"
    resolved "https://registry.yarnpkg.com/split2/-/split2-3.2.2.tgz#bf2cf2a37d838312c249c89206fd7a17dd12365f"
    integrity sha512-9NThjpgZnifTkJpzTZ7Eue85S49QwpNhZTq6GRJwObb6jnLFNGB7Qm73V5HewTROPyxD0C29xqmaI68bQtV+hg==
    dependencies:
      readable-stream "^3.0.0"
  
  strict-uri-encode@^2.0.0:
    version "2.0.0"
    resolved "https://registry.yarnpkg.com/strict-uri-encode/-/strict-uri-encode-2.0.0.tgz#b9c7330c7042862f6b142dc274bbcc5866ce3546"
    integrity sha512-QwiXZgpRcKkhTj2Scnn++4PKtWsH0kpzZ62L2R6c/LUVYv7hVnZqcg2+sMuT6R7Jusu1vviK/MFsu6kNJfWlEQ==
  
  string-width@^3.0.0, string-width@^3.1.0:
    version "3.1.0"
    resolved "https://registry.yarnpkg.com/string-width/-/string-width-3.1.0.tgz#22767be21b62af1081574306f69ac51b62203961"
    integrity sha512-vafcv6KjVZKSgz06oM/H6GDBrAtz8vdhQakGjFIvNrHA6y3HCF1CInLy+QLq8dTJPQ1b+KDUqDFctkdRW44e1w==
    dependencies:
      emoji-regex "^7.0.1"
      is-fullwidth-code-point "^2.0.0"
      strip-ansi "^5.1.0"
  
  string_decoder@^1.1.1:
    version "1.3.0"
    resolved "https://registry.yarnpkg.com/string_decoder/-/string_decoder-1.3.0.tgz#42f114594a46cf1a8e30b0a84f56c78c3edac21e"
    integrity sha512-hkRX8U1WjJFd8LsDJ2yQ/wWWxaopEsABU1XfkM8A+j0+85JAGppt16cr1Whg6KIbb4okU6Mql6BOj+uup/wKeA==
    dependencies:
      safe-buffer "~5.2.0"
  
  strip-ansi@^5.0.0, strip-ansi@^5.1.0, strip-ansi@^5.2.0:
    version "5.2.0"
    resolved "https://registry.yarnpkg.com/strip-ansi/-/strip-ansi-5.2.0.tgz#8c9a536feb6afc962bdfa5b104a5091c1ad9c0ae"
    integrity sha512-DuRs1gKbBqsMKIZlrffwlug8MHkcnpjs5VPmL1PAh+mA30U0DTotfDZ0d2UUsXpPmPmMMJ6W773MaA3J+lbiWA==
    dependencies:
      ansi-regex "^4.1.0"
  
  strip-json-comments@^3.1.1:
    version "3.1.1"
    resolved "https://registry.yarnpkg.com/strip-json-comments/-/strip-json-comments-3.1.1.tgz#31f1281b3832630434831c310c01cccda8cbe006"
    integrity sha512-6fPc+R4ihwqP6N/aIv2f1gMH8lOVtWQHoqC4yK6oSDVVocumAsfCqjkXnqiYMhmMwS/mEHLp7Vehlt3ql6lEig==
  
  supports-color@^5.3.0:
    version "5.5.0"
    resolved "https://registry.yarnpkg.com/supports-color/-/supports-color-5.5.0.tgz#e2e69a44ac8772f78a1ec0b35b689df6530efc8f"
    integrity sha512-QjVjwdXIt408MIiAqCX4oUKsgU2EqAGzs2Ppkm4aQYbjm+ZEWEcW4SfFNTr4uMNZma0ey4f5lgLrkB0aX0QMow==
    dependencies:
      has-flag "^3.0.0"
  
  supports-color@^7.1.0:
    version "7.2.0"
    resolved "https://registry.yarnpkg.com/supports-color/-/supports-color-7.2.0.tgz#1b7dcdcb32b8138801b3e478ba6a51caa89648da"
    integrity sha512-qpCAvRl9stuOHveKsn7HncJRvv501qIacKzQlO/+Lwxc9+0q2wLyv4Dfvt80/DPn2pqOBsJdDiogXGR9+OvwRw==
    dependencies:
      has-flag "^4.0.0"
  
  toggle-selection@^1.0.6:
    version "1.0.6"
    resolved "https://registry.yarnpkg.com/toggle-selection/-/toggle-selection-1.0.6.tgz#6e45b1263f2017fa0acc7d89d78b15b8bf77da32"
    integrity sha512-BiZS+C1OS8g/q2RRbJmy59xpyghNBqrr6k5L/uKBGRsTfxmu3ffiRnd8mlGPUVayg8pvfi5urfnu8TU7DVOkLQ==
  
  tslib@^2.1.0:
    version "2.4.0"
    resolved "https://registry.yarnpkg.com/tslib/-/tslib-2.4.0.tgz#7cecaa7f073ce680a05847aa77be941098f36dc3"
    integrity sha512-d6xOpEDfsi2CZVlPQzGeux8XMwLT9hssAsaPYExaQMuYskwb+x1x7J371tWlbBdWHroy99KnVB6qIkUbs5X3UQ==
  
  tweetnacl@1.x.x, tweetnacl@^1.0.3:
    version "1.0.3"
    resolved "https://registry.yarnpkg.com/tweetnacl/-/tweetnacl-1.0.3.tgz#ac0af71680458d8a6378d0d0d050ab1407d35596"
    integrity sha512-6rt+RN7aOi1nGMyC4Xa5DdYiukl2UWCbcJft7YhxReBGQD7OAM8Pbxw6YMo4r2diNEA8FEmu32YOn9rhaiE5yw==
  
  type@^1.0.1:
    version "1.2.0"
    resolved "https://registry.yarnpkg.com/type/-/type-1.2.0.tgz#848dd7698dafa3e54a6c479e759c4bc3f18847a0"
    integrity sha512-+5nt5AAniqsCnu2cEQQdpzCAh33kVx8n0VoFidKpB1dVVLAN/F+bgVOqOJqOnEnrhp222clB5p3vUlD+1QAnfg==
  
  type@^2.7.2:
    version "2.7.2"
    resolved "https://registry.yarnpkg.com/type/-/type-2.7.2.tgz#2376a15a3a28b1efa0f5350dcf72d24df6ef98d0"
    integrity sha512-dzlvlNlt6AXU7EBSfpAscydQ7gXB+pPGsPnfJnZpiNJBDj7IaJzQlBZYGdEi4R9HmPdBv2XmWJ6YUtoTa7lmCw==
  
  typedarray-to-buffer@^3.1.5:
    version "3.1.5"
    resolved "https://registry.yarnpkg.com/typedarray-to-buffer/-/typedarray-to-buffer-3.1.5.tgz#a97ee7a9ff42691b9f783ff1bc5112fe3fca9080"
    integrity sha512-zdu8XMNEDepKKR+XYOXAVPtWui0ly0NtohUscw+UmaHiAWT8hrV1rr//H6V+0DvJ3OQ19S979M0laLfX8rm82Q==
    dependencies:
      is-typedarray "^1.0.0"
  
  typescript@^4.8.4:
    version "4.8.4"
    resolved "https://registry.yarnpkg.com/typescript/-/typescript-4.8.4.tgz#c464abca159669597be5f96b8943500b238e60e6"
    integrity sha512-QCh+85mCy+h0IGff8r5XWzOVSbBO+KfeYrMQh7NJ58QujwcE22u+NUSmUxqF+un70P9GXKxa2HCNiTTMJknyjQ==
  
  uint8arrays@3.1.0, uint8arrays@^3.0.0:
    version "3.1.0"
    resolved "https://registry.yarnpkg.com/uint8arrays/-/uint8arrays-3.1.0.tgz#8186b8eafce68f28bd29bd29d683a311778901e2"
    integrity sha512-ei5rfKtoRO8OyOIor2Rz5fhzjThwIHJZ3uyDPnDHTXbP0aMQ1RN/6AI5B5d9dBxJOU+BvOAk7ZQ1xphsX8Lrog==
    dependencies:
      multiformats "^9.4.2"
  
  utf-8-validate@^5.0.2:
    version "5.0.9"
    resolved "https://registry.yarnpkg.com/utf-8-validate/-/utf-8-validate-5.0.9.tgz#ba16a822fbeedff1a58918f2a6a6b36387493ea3"
    integrity sha512-Yek7dAy0v3Kl0orwMlvi7TPtiCNrdfHNd7Gcc/pLq4BLXqfAmd0J7OWMizUQnTTJsyjKn02mU7anqwfmUP4J8Q==
    dependencies:
      node-gyp-build "^4.3.0"
  
  util-deprecate@^1.0.1:
    version "1.0.2"
    resolved "https://registry.yarnpkg.com/util-deprecate/-/util-deprecate-1.0.2.tgz#450d4dc9fa70de732762fbd2d4a28981419a0ccf"
    integrity sha512-EPD5q1uXyFxJpCrLnCc1nHnq3gOa6DZBocAIiI2TaSCA7VCJ1UJDMagCzIkXNsUYfD1daK//LTEQ8xiIbrHtcw==
  
  web-streams-polyfill@^3.0.3:
    version "3.2.1"
    resolved "https://registry.yarnpkg.com/web-streams-polyfill/-/web-streams-polyfill-3.2.1.tgz#71c2718c52b45fd49dbeee88634b3a60ceab42a6"
    integrity sha512-e0MO3wdXWKrLbL0DgGnUV7WHVuw9OUvL4hjgnPkIeEvESk74gAITi5G606JtZPp39cd8HA9VQzCIvA49LpPN5Q==
  
  websocket@^1.0.34:
    version "1.0.34"
    resolved "https://registry.yarnpkg.com/websocket/-/websocket-1.0.34.tgz#2bdc2602c08bf2c82253b730655c0ef7dcab3111"
    integrity sha512-PRDso2sGwF6kM75QykIesBijKSVceR6jL2G8NGYyq2XrItNC2P5/qL5XeR056GhA+Ly7JMFvJb9I312mJfmqnQ==
    dependencies:
      bufferutil "^4.0.1"
      debug "^2.2.0"
      es5-ext "^0.10.50"
      typedarray-to-buffer "^3.1.5"
      utf-8-validate "^5.0.2"
      yaeti "^0.0.6"
  
  which-module@^2.0.0:
    version "2.0.0"
    resolved "https://registry.yarnpkg.com/which-module/-/which-module-2.0.0.tgz#d9ef07dce77b9902b8a3a8fa4b31c3e3f7e6e87a"
    integrity sha512-B+enWhmw6cjfVC7kS8Pj9pCrKSc5txArRyaYGe088shv/FGWH+0Rjx/xPgtsWfsUtS27FkP697E4DDhgrgoc0Q==
  
  wrap-ansi@^5.1.0:
    version "5.1.0"
    resolved "https://registry.yarnpkg.com/wrap-ansi/-/wrap-ansi-5.1.0.tgz#1fd1f67235d5b6d0fee781056001bfb694c03b09"
    integrity sha512-QC1/iN/2/RPVJ5jYK8BGttj5z83LmSKmvbvrXPNCLZSEb32KKVDJDl/MOt2N01qU2H/FkzEa9PKto1BqDjtd7Q==
    dependencies:
      ansi-styles "^3.2.0"
      string-width "^3.0.0"
      strip-ansi "^5.0.0"
  
  wrappy@1:
    version "1.0.2"
    resolved "https://registry.yarnpkg.com/wrappy/-/wrappy-1.0.2.tgz#b5243d8f3ec1aa35f1364605bc0d1036e30ab69f"
    integrity sha512-l4Sp/DRseor9wL6EvV2+TuQn63dMkPjZ/sp9XkghTEbV9KlPS1xUsZ3u7/IQO4wxtcFB4bgpQPRcR3QCvezPcQ==
  
  ws@^7.5.1:
    version "7.5.9"
    resolved "https://registry.yarnpkg.com/ws/-/ws-7.5.9.tgz#54fa7db29f4c7cec68b1ddd3a89de099942bb591"
    integrity sha512-F+P9Jil7UiSKSkppIiD94dN07AwvFixvLIj1Og1Rl9GGMuNipJnV9JzjD6XuqmAeiswGvUmNLjr5cFuXwNS77Q==
  
  ws@^8.8.1:
    version "8.9.0"
    resolved "https://registry.yarnpkg.com/ws/-/ws-8.9.0.tgz#2a994bb67144be1b53fe2d23c53c028adeb7f45e"
    integrity sha512-Ja7nszREasGaYUYCI2k4lCKIRTt+y7XuqVoHR44YpI49TtryyqbqvDMn5eqfW7e6HzTukDRIsXqzVHScqRcafg==
  
  y18n@^4.0.0:
    version "4.0.3"
    resolved "https://registry.yarnpkg.com/y18n/-/y18n-4.0.3.tgz#b5f259c82cd6e336921efd7bfd8bf560de9eeedf"
    integrity sha512-JKhqTOwSrqNA1NY5lSztJ1GrBiUodLMmIZuLiDaMRJ+itFd+ABVE8XBjOvIWL+rSqNDC74LCSFmlb/U4UZ4hJQ==
  
  yaeti@^0.0.6:
    version "0.0.6"
    resolved "https://registry.yarnpkg.com/yaeti/-/yaeti-0.0.6.tgz#f26f484d72684cf42bedfb76970aa1608fbf9577"
    integrity sha512-MvQa//+KcZCUkBTIC9blM+CU9J2GzuTytsOUwf2lidtvkx/6gnEp1QvJv34t9vdjhFmha/mUiNDbN0D0mJWdug==
  
  yargs-parser@^13.1.2:
    version "13.1.2"
    resolved "https://registry.yarnpkg.com/yargs-parser/-/yargs-parser-13.1.2.tgz#130f09702ebaeef2650d54ce6e3e5706f7a4fb38"
    integrity sha512-3lbsNRf/j+A4QuSZfDRA7HRSfWrzO0YjqTJd5kjAq37Zep1CEgaYmrH9Q3GwPiB9cHyd1Y1UwggGhJGoxipbzg==
    dependencies:
      camelcase "^5.0.0"
      decamelize "^1.2.0"
  
  yargs@^13.2.4:
    version "13.3.2"
    resolved "https://registry.yarnpkg.com/yargs/-/yargs-13.3.2.tgz#ad7ffefec1aa59565ac915f82dccb38a9c31a2dd"
    integrity sha512-AX3Zw5iPruN5ie6xGRIDgqkT+ZhnRlZMLMHAs8tg7nRruy2Nb+i5o9bwghAogtM08q1dpr2LVoS8KSTMYpWXUw==
    dependencies:
      cliui "^5.0.0"
      find-up "^3.0.0"
      get-caller-file "^2.0.1"
      require-directory "^2.1.1"
      require-main-filename "^2.0.0"
      set-blocking "^2.0.0"
      string-width "^3.0.0"
      which-module "^2.0.0"
      y18n "^4.0.0"
      yargs-parser "^13.1.2"
